"../../../../../../Users/james.dev7362/Documents/GitHub/Due-Date/DD_YY_MM/Content/Maps/Level_0/lambert3.uasset" 0
"../../../../../../Users/james.dev7362/Documents/GitHub/Due-Date/DD_YY_MM/Content/Maps/Level_0/MESH_Wearhouse.uasset" 1
"../../../../../../Users/james.dev7362/Documents/GitHub/Due-Date/DD_YY_MM/Content/Bin_Assets/Truck/MESH_Truck_IdleAnimation_Skeleton.uasset" 2
"../../../../../../Users/james.dev7362/Documents/GitHub/Due-Date/DD_YY_MM/Content/Bin_Assets/Truck/MESH_Truck_ExitAnimation_Anim.uasset" 3
"../../../Engine/Content/EditorBlueprintResources/StandardMacros.uasset" 4
"../../../../../../Users/james.dev7362/Documents/GitHub/Due-Date/DD_YY_MM/Content/Bin_Assets/Truck/MESH_Truck_IdleAnimation_Anim.uasset" 5
"../../../../../../Users/james.dev7362/Documents/GitHub/Due-Date/DD_YY_MM/Content/User_Interface/Bubblegum.uasset" 6
"../../../../../../Users/james.dev7362/Documents/GitHub/Due-Date/DD_YY_MM/Content/User_Interface/Bubblegum_Font.uasset" 7
"../../../../../../Users/james.dev7362/Documents/GitHub/Due-Date/DD_YY_MM/Content/User_Interface/Main_Menu/Main_Menu.uasset" 8
"../../../../../../Users/james.dev7362/Documents/GitHub/Due-Date/DD_YY_MM/Content/User_Interface/Main_Menu/Retry_Button.uasset" 9
"../../../../../../Users/james.dev7362/Documents/GitHub/Due-Date/DD_YY_MM/Content/User_Interface/Game_Over_UI.uasset" 10
"../../../../../../Users/james.dev7362/Documents/GitHub/Due-Date/DD_YY_MM/Content/Sound/RawSounds/AmbientDepotNoise.uasset" 11
"../../../../../../Users/james.dev7362/Documents/GitHub/Due-Date/DD_YY_MM/Content/Sound/RawSounds/BGM_GamePlay.uasset" 12
"../../../../../../Users/james.dev7362/Documents/GitHub/Due-Date/DD_YY_MM/Content/Sound/RawSounds/ConveyerBelt.uasset" 13
"../../../../../../Users/james.dev7362/Documents/GitHub/Due-Date/DD_YY_MM/Content/Sound/RawSounds/Truck_Idle.uasset" 14
"../../../../../../Users/james.dev7362/Documents/GitHub/Due-Date/DD_YY_MM/Content/Maps/Level_0/BP_GameMode.uasset" 15
"../../../Engine/Content/Functions/Engine_MaterialFunctions01/Opacity/CameraDepthFade.uasset" 16
"../../../Engine/Content/EngineMaterials/T_Default_Material_Grid_M.uasset" 17
"../../../Engine/Content/EngineMaterials/T_Default_Material_Grid_N.uasset" 18
"../../../Engine/Content/EngineMaterials/WorldGridMaterial.uasset" 19
"../../../../../../Users/james.dev7362/Documents/GitHub/Due-Date/DD_YY_MM/Content/Parcel_Assets/Crate/T_Crate_Diff.uasset" 20
"../../../../../../Users/james.dev7362/Documents/GitHub/Due-Date/DD_YY_MM/Content/Parcel_Assets/Crate/Crate1.uasset" 21
"../../../../../../Users/james.dev7362/Documents/GitHub/Due-Date/DD_YY_MM/Content/Parcel_Assets/Crate/Crate.uasset" 22
"../../../../../../Users/james.dev7362/Documents/GitHub/Due-Date/DD_YY_MM/Content/Parcel_Assets/Crate/Crate_DM.uasset" 23
"../../../../../../Users/james.dev7362/Documents/GitHub/Due-Date/DD_YY_MM/Content/Parcel_Assets/Crate/CrateDestructible.uasset" 24
"../../../../../../Users/james.dev7362/Documents/GitHub/Due-Date/DD_YY_MM/Content/Parcel_Assets/Crate/BP_Parcel_Crate.uasset" 25
"../../../../../../Users/james.dev7362/Documents/GitHub/Due-Date/DD_YY_MM/Content/Parcel_Assets/NormalParcel/T_ThirdBox_Diff.uasset" 26
"../../../../../../Users/james.dev7362/Documents/GitHub/Due-Date/DD_YY_MM/Content/Parcel_Assets/NormalParcel/lambert2.uasset" 27
"../../../../../../Users/james.dev7362/Documents/GitHub/Due-Date/DD_YY_MM/Content/Parcel_Assets/NormalParcel/3rd_box.uasset" 28
"../../../../../../Users/james.dev7362/Documents/GitHub/Due-Date/DD_YY_MM/Content/Parcel_Assets/NormalParcel/3rd_box_DM.uasset" 29
"../../../../../../Users/james.dev7362/Documents/GitHub/Due-Date/DD_YY_MM/Content/Parcel_Assets/NormalParcel/3rdBoxDestructible.uasset" 30
"../../../../../../Users/james.dev7362/Documents/GitHub/Due-Date/DD_YY_MM/Content/Parcel_Assets/NormalParcel/BP_Normal_Parcel.uasset" 31
"../../../../../../Users/james.dev7362/Documents/GitHub/Due-Date/DD_YY_MM/Content/Parcel_Assets/Small_Box/T_Fragile_Diff.uasset" 32
"../../../../../../Users/james.dev7362/Documents/GitHub/Due-Date/DD_YY_MM/Content/Parcel_Assets/Small_Box/lambert3.uasset" 33
"../../../../../../Users/james.dev7362/Documents/GitHub/Due-Date/DD_YY_MM/Content/Parcel_Assets/Small_Box/Fragile_Box_2_0.uasset" 34
"../../../../../../Users/james.dev7362/Documents/GitHub/Due-Date/DD_YY_MM/Content/Parcel_Assets/Small_Box/Fragile_Box_2_0_DM.uasset" 35
"../../../../../../Users/james.dev7362/Documents/GitHub/Due-Date/DD_YY_MM/Content/Parcel_Assets/Small_Box/DestrucibleFragileBox.uasset" 36
"../../../../../../Users/james.dev7362/Documents/GitHub/Due-Date/DD_YY_MM/Content/Parcel_Assets/Small_Box/BP_Parcel_Small_box.uasset" 37
"../../../../../../Users/james.dev7362/Documents/GitHub/Due-Date/DD_YY_MM/Content/Player_Assets/NewFolder/MESH_Worker_Rigged_Skeleton.uasset" 38
"../../../../../../Users/james.dev7362/Documents/GitHub/Due-Date/DD_YY_MM/Content/Player_Assets/NewFolder/IdleAnim_Anim.uasset" 39
"../../../../../../Users/james.dev7362/Documents/GitHub/Due-Date/DD_YY_MM/Content/Player_Assets/NewFolder/MESH_Worker_Walk.uasset" 40
"../../../../../../Users/james.dev7362/Documents/GitHub/Due-Date/DD_YY_MM/Content/Player_Assets/NewFolder/MESH_Worker_Walk_Carry.uasset" 41
"../../../../../../Users/james.dev7362/Documents/GitHub/Due-Date/DD_YY_MM/Content/Player_Assets/NewFolder/Walk_BS.uasset" 42
"../../../../../../Users/james.dev7362/Documents/GitHub/Due-Date/DD_YY_MM/Content/Player_Assets/NewFolder/Worker_Anim_BP.uasset" 43
"../../../../../../Users/james.dev7362/Documents/GitHub/Due-Date/DD_YY_MM/Content/Player_Assets/NewFolder/Worker_Diffuse.uasset" 44
"../../../../../../Users/james.dev7362/Documents/GitHub/Due-Date/DD_YY_MM/Content/Player_Assets/NewFolder/MAT_Worker.uasset" 45
"../../../../../../Users/james.dev7362/Documents/GitHub/Due-Date/DD_YY_MM/Content/Player_Assets/NewFolder/MESH_Worker_Rigged_PhysicsAsset.uasset" 46
"../../../../../../Users/james.dev7362/Documents/GitHub/Due-Date/DD_YY_MM/Content/Player_Assets/NewFolder/MESH_Worker_Rigged.uasset" 47
"../../../../../../Users/james.dev7362/Documents/GitHub/Due-Date/DD_YY_MM/Content/Player_Assets/BP_Player.uasset" 48
"../../../../../../Users/james.dev7362/Documents/GitHub/Due-Date/DD_YY_MM/Content/Bin_Assets/Truck/TEX_TruckHeavy.uasset" 49
"../../../../../../Users/james.dev7362/Documents/GitHub/Due-Date/DD_YY_MM/Content/Bin_Assets/Truck/Truck_Heavy_Mat.uasset" 50
"../../../../../../Users/james.dev7362/Documents/GitHub/Due-Date/DD_YY_MM/Content/Bin_Assets/Truck/MESH_Truck_IdleAnimation_PhysicsAsset.uasset" 51
"../../../../../../Users/james.dev7362/Documents/GitHub/Due-Date/DD_YY_MM/Content/Bin_Assets/Truck/Truck_Skeletal_Mesh.uasset" 52
"../../../../../../Users/james.dev7362/Documents/GitHub/Due-Date/DD_YY_MM/Content/Sound/RawSounds/Correct.uasset" 53
"../../../../../../Users/james.dev7362/Documents/GitHub/Due-Date/DD_YY_MM/Content/Sound/RawSounds/IncorrectBuzz.uasset" 54
"../../../../../../Users/james.dev7362/Documents/GitHub/Due-Date/DD_YY_MM/Content/Sound/SoundCues/Truck_Idle.uasset" 55
"../../../../../../Users/james.dev7362/Documents/GitHub/Due-Date/DD_YY_MM/Content/Bin_Assets/BP_Crate_Bin.uasset" 56
"../../../../../../Users/james.dev7362/Documents/GitHub/Due-Date/DD_YY_MM/Content/Bin_Assets/Truck/TEX_TruckNormal.uasset" 57
"../../../../../../Users/james.dev7362/Documents/GitHub/Due-Date/DD_YY_MM/Content/Bin_Assets/Truck/Truck_Normal_Mat.uasset" 58
"../../../../../../Users/james.dev7362/Documents/GitHub/Due-Date/DD_YY_MM/Content/Bin_Assets/BP_Parcel_Bin.uasset" 59
"../../../../../../Users/james.dev7362/Documents/GitHub/Due-Date/DD_YY_MM/Content/Bin_Assets/Truck/TEX_TruckFragile.uasset" 60
"../../../../../../Users/james.dev7362/Documents/GitHub/Due-Date/DD_YY_MM/Content/Bin_Assets/Truck/Truck_Fragile_Mat.uasset" 61
"../../../../../../Users/james.dev7362/Documents/GitHub/Due-Date/DD_YY_MM/Content/Bin_Assets/BP_Small_Box_Bin.uasset" 62
"../../../../../../Users/james.dev7362/Documents/GitHub/Due-Date/DD_YY_MM/Content/Bin_Assets/Truck/Truck_Anim_BP.uasset" 63
"../../../../../../Users/james.dev7362/Documents/GitHub/Due-Date/DD_YY_MM/Content/Bin_Assets/Truck/Truck_BS.uasset" 64
"../../../../../../Users/james.dev7362/Documents/GitHub/Due-Date/DD_YY_MM/Content/Parcel_Assets/Box_1_Mat.uasset" 65
"../../../../../../Users/james.dev7362/Documents/GitHub/Due-Date/DD_YY_MM/Content/Parcel_Assets/Crate/Crate_Diff.uasset" 66
"../../../../../../Users/james.dev7362/Documents/GitHub/Due-Date/DD_YY_MM/Content/Parcel_Assets/NormalParcel/Normal_parcel_mat.uasset" 67
"../../../../../../Users/james.dev7362/Documents/GitHub/Due-Date/DD_YY_MM/Content/Parcel_Assets/Small_Box/Small_Box_Tex.uasset" 68
"../../../../../../Users/james.dev7362/Documents/GitHub/Due-Date/DD_YY_MM/Content/Parcel_Assets/Small_Box/Small_Box_Mat.uasset" 69
"../../../../../../Users/james.dev7362/Documents/GitHub/Due-Date/DD_YY_MM/Content/Parcel_Assets/Small_Box/Small_Box.uasset" 70
"../../../../../../Users/james.dev7362/Documents/GitHub/Due-Date/DD_YY_MM/Content/Player_Assets/lambert4.uasset" 71
"../../../../../../Users/james.dev7362/Documents/GitHub/Due-Date/DD_YY_MM/Content/Player_Assets/MESH_Worker_Merged.uasset" 72
"../../../../../../Users/james.dev7362/Documents/GitHub/Due-Date/DD_YY_MM/Content/Player_Assets/Mannequin_Mesh/Character/Mesh/UE4_Mannequin_Skeleton.uasset" 73
"../../../../../../Users/james.dev7362/Documents/GitHub/Due-Date/DD_YY_MM/Content/Player_Assets/Mannequin_Mesh/Animations/ThirdPersonJump_End.uasset" 74
"../../../../../../Users/james.dev7362/Documents/GitHub/Due-Date/DD_YY_MM/Content/Player_Assets/Mannequin_Mesh/Animations/ThirdPerson_Jump.uasset" 75
"../../../../../../Users/james.dev7362/Documents/GitHub/Due-Date/DD_YY_MM/Content/Player_Assets/Mannequin_Mesh/Animations/ThirdPersonJump_Loop.uasset" 76
"../../../../../../Users/james.dev7362/Documents/GitHub/Due-Date/DD_YY_MM/Content/Player_Assets/Mannequin_Mesh/Animations/ThirdPersonJump_Start.uasset" 77
"../../../../../../Users/james.dev7362/Documents/GitHub/Due-Date/DD_YY_MM/Content/Player_Assets/Mannequin_Mesh/Animations/ThirdPersonIdle.uasset" 78
"../../../../../../Users/james.dev7362/Documents/GitHub/Due-Date/DD_YY_MM/Content/Player_Assets/Mannequin_Mesh/Animations/ThirdPersonRun.uasset" 79
"../../../../../../Users/james.dev7362/Documents/GitHub/Due-Date/DD_YY_MM/Content/Player_Assets/Mannequin_Mesh/Animations/ThirdPersonWalk.uasset" 80
"../../../../../../Users/james.dev7362/Documents/GitHub/Due-Date/DD_YY_MM/Content/Player_Assets/Mannequin_Mesh/Animations/ThirdPerson_IdleRun_2D.uasset" 81
"../../../../../../Users/james.dev7362/Documents/GitHub/Due-Date/DD_YY_MM/Content/Player_Assets/Mannequin_Mesh/Animations/ThirdPerson_AnimBP.uasset" 82
"../../../Engine/Content/Functions/Engine_MaterialFunctions02/Utility/BlendAngleCorrectedNormals.uasset" 83
"../../../Engine/Content/Functions/MaterialLayerFunctions/MatLayerBlend_NormalBlend.uasset" 84
"../../../Engine/Content/Functions/MaterialLayerFunctions/MatLayerBlend_Simple.uasset" 85
"../../../../../../Users/james.dev7362/Documents/GitHub/Due-Date/DD_YY_MM/Content/Player_Assets/Mannequin_Mesh/Character/Materials/MaterialLayers/T_ML_Rubber_Blue_01_D.uasset" 86
"../../../../../../Users/james.dev7362/Documents/GitHub/Due-Date/DD_YY_MM/Content/Player_Assets/Mannequin_Mesh/Character/Materials/MaterialLayers/T_ML_Rubber_Blue_01_N.uasset" 87
"../../../../../../Users/james.dev7362/Documents/GitHub/Due-Date/DD_YY_MM/Content/Player_Assets/Mannequin_Mesh/Character/Materials/MaterialLayers/ML_GlossyBlack_Latex_UE4.uasset" 88
"../../../../../../Users/james.dev7362/Documents/GitHub/Due-Date/DD_YY_MM/Content/Player_Assets/Mannequin_Mesh/Character/Materials/MaterialLayers/ML_Plastic_Shiny_Beige.uasset" 89
"../../../../../../Users/james.dev7362/Documents/GitHub/Due-Date/DD_YY_MM/Content/Player_Assets/Mannequin_Mesh/Character/Textures/UE4_LOGO_CARD.uasset" 90
"../../../../../../Users/james.dev7362/Documents/GitHub/Due-Date/DD_YY_MM/Content/Player_Assets/Mannequin_Mesh/Character/Materials/MaterialLayers/ML_Plastic_Shiny_Beige_LOGO.uasset" 91
"../../../../../../Users/james.dev7362/Documents/GitHub/Due-Date/DD_YY_MM/Content/Player_Assets/Mannequin_Mesh/Character/Materials/MaterialLayers/T_ML_Aluminum01.uasset" 92
"../../../../../../Users/james.dev7362/Documents/GitHub/Due-Date/DD_YY_MM/Content/Player_Assets/Mannequin_Mesh/Character/Materials/MaterialLayers/T_ML_Aluminum01_N.uasset" 93
"../../../../../../Users/james.dev7362/Documents/GitHub/Due-Date/DD_YY_MM/Content/Player_Assets/Mannequin_Mesh/Character/Materials/MaterialLayers/ML_SoftMetal_UE4.uasset" 94
"../../../../../../Users/james.dev7362/Documents/GitHub/Due-Date/DD_YY_MM/Content/Player_Assets/Mannequin_Mesh/Character/Textures/UE4_Mannequin__normals.uasset" 95
"../../../../../../Users/james.dev7362/Documents/GitHub/Due-Date/DD_YY_MM/Content/Player_Assets/Mannequin_Mesh/Character/Textures/UE4_Mannequin_MAT_MASKA.uasset" 96
"../../../../../../Users/james.dev7362/Documents/GitHub/Due-Date/DD_YY_MM/Content/Player_Assets/Mannequin_Mesh/Character/Materials/M_UE4Man_Body.uasset" 97
"../../../../../../Users/james.dev7362/Documents/GitHub/Due-Date/DD_YY_MM/Content/Player_Assets/Mannequin_Mesh/Character/Textures/UE4Man_Logo_N.uasset" 98
"../../../../../../Users/james.dev7362/Documents/GitHub/Due-Date/DD_YY_MM/Content/Player_Assets/Mannequin_Mesh/Character/Materials/M_UE4Man_ChestLogo.uasset" 99
"../../../../../../Users/james.dev7362/Documents/GitHub/Due-Date/DD_YY_MM/Content/Player_Assets/Mannequin_Mesh/Character/Mesh/SK_Mannequin_PhysicsAsset.uasset" 100
"../../../../../../Users/james.dev7362/Documents/GitHub/Due-Date/DD_YY_MM/Content/Player_Assets/Mannequin_Mesh/Character/Mesh/SK_Mannequin.uasset" 101
"../../../../../../Users/james.dev7362/Documents/GitHub/Due-Date/DD_YY_MM/Content/Player_Assets/NewFolder/IdleAnim_PhysicsAsset.uasset" 102
"../../../../../../Users/james.dev7362/Documents/GitHub/Due-Date/DD_YY_MM/Content/Sound/RawSounds/PickUp.uasset" 103
"../../../../../../Users/james.dev7362/Documents/GitHub/Due-Date/DD_YY_MM/Content/Sound/RawSounds/Throw2.uasset" 104
"../../../../../../Users/james.dev7362/Documents/GitHub/Due-Date/DD_YY_MM/Content/Sound/RawSounds/Truck_DriveOff2.uasset" 105
"../../../../../../Users/james.dev7362/Documents/GitHub/Due-Date/DD_YY_MM/Content/Sound/SoundCues/AmbientDepotNoise.uasset" 106
"../../../../../../Users/james.dev7362/Documents/GitHub/Due-Date/DD_YY_MM/Content/Sound/SoundCues/BGM_GamePlay.uasset" 107
"../../../../../../Users/james.dev7362/Documents/GitHub/Due-Date/DD_YY_MM/Content/Sound/SoundCues/BGM_Menu.uasset" 108
"../../../../../../Users/james.dev7362/Documents/GitHub/Due-Date/DD_YY_MM/Content/Sound/SoundCues/Break_Big.uasset" 109
"../../../../../../Users/james.dev7362/Documents/GitHub/Due-Date/DD_YY_MM/Content/Sound/SoundCues/Break_Fragile.uasset" 110
"../../../../../../Users/james.dev7362/Documents/GitHub/Due-Date/DD_YY_MM/Content/Sound/SoundCues/Break_Small.uasset" 111
"../../../../../../Users/james.dev7362/Documents/GitHub/Due-Date/DD_YY_MM/Content/Sound/SoundCues/ConveyerBelt.uasset" 112
"../../../../../../Users/james.dev7362/Documents/GitHub/Due-Date/DD_YY_MM/Content/Sound/SoundCues/Correct.uasset" 113
"../../../../../../Users/james.dev7362/Documents/GitHub/Due-Date/DD_YY_MM/Content/Sound/SoundCues/IncorrectBuzz.uasset" 114
"../../../../../../Users/james.dev7362/Documents/GitHub/Due-Date/DD_YY_MM/Content/Sound/SoundCues/PickUp.uasset" 115
"../../../../../../Users/james.dev7362/Documents/GitHub/Due-Date/DD_YY_MM/Content/Sound/SoundCues/Throw2.uasset" 116
"../../../../../../Users/james.dev7362/Documents/GitHub/Due-Date/DD_YY_MM/Content/Sound/SoundCues/Truck_DriveOff.uasset" 117
"../../../../../../Users/james.dev7362/Documents/GitHub/Due-Date/DD_YY_MM/Content/User_Interface/Main_Menu/Controls.uasset" 118
"../../../../../../Users/james.dev7362/Documents/GitHub/Due-Date/DD_YY_MM/Content/User_Interface/Main_Menu/Fail_screen.uasset" 119
"../../../../../../Users/james.dev7362/Documents/GitHub/Due-Date/DD_YY_MM/Content/User_Interface/Main_Menu/Keys.uasset" 120
"../../../../../../Users/james.dev7362/Documents/GitHub/Due-Date/DD_YY_MM/Content/User_Interface/Main_Menu/Option.uasset" 121
"../../../../../../Users/james.dev7362/Documents/GitHub/Due-Date/DD_YY_MM/Content/User_Interface/Main_Menu/Option_menu_2_0.uasset" 122
"../../../../../../Users/james.dev7362/Documents/GitHub/Due-Date/DD_YY_MM/Content/User_Interface/Main_Menu/Title_2_0.uasset" 123
"../../../Engine/Content/EngineMaterials/DefaultMaterial.uasset" 124
"../../../Engine/Content/BasicShapes/Cone.uasset" 125
"../../../Engine/Content/BasicShapes/Cube.uasset" 126
"../../../Engine/Content/BasicShapes/Cylinder.uasset" 127
"../../../Engine/Content/BasicShapes/Sphere.uasset" 128
"../../../Engine/Content/EditorLandscapeResources/DataLayer.uasset" 129
"../../../Engine/Content/EditorMaterials/GizmoMaterial.uasset" 130
"../../../Engine/Content/EditorMaterials/MAT_Groups_Toggle.uasset" 131
"../../../Engine/Content/EditorMaterials/MAT_Groups_Visibility.uasset" 132
"../../../Engine/Content/EditorMaterials/PreviewShadowIndicator.uasset" 133
"../../../Engine/Content/EditorMaterials/PreviewShadowIndicatorMaterial.uasset" 134
"../../../Engine/Content/EditorMaterials/MatineeGroups/MAT_ColorTrack.uasset" 135
"../../../Engine/Content/EditorMaterials/MatineeGroups/MAT_Groups_Anim.uasset" 136
"../../../Engine/Content/EditorMaterials/MatineeGroups/MAT_Groups_AudioMaster.uasset" 137
"../../../Engine/Content/EditorMaterials/MatineeGroups/MAT_Groups_Director.uasset" 138
"../../../Engine/Content/EditorMaterials/MatineeGroups/MAT_Groups_Event.uasset" 139
"../../../Engine/Content/EditorMaterials/MatineeGroups/MAT_Groups_Fade.uasset" 140
"../../../Engine/Content/EditorMaterials/MatineeGroups/MAT_Groups_Float.uasset" 141
"../../../Engine/Content/EditorMaterials/MatineeGroups/MAT_Groups_Move.uasset" 142
"../../../Engine/Content/EditorMaterials/MatineeGroups/MAT_Groups_Slomo.uasset" 143
"../../../Engine/Content/EditorMaterials/MatineeGroups/MAT_Groups_Sound.uasset" 144
"../../../Engine/Content/EditorMaterials/MatineeGroups/MAT_Groups_Vector.uasset" 145
"../../../Engine/Content/EditorMaterials/ParticleSystems/PSysThumbnail_NoImage.uasset" 146
"../../../Engine/Content/EditorMaterials/ParticleSystems/PSysThumbnail_OOD.uasset" 147
"../../../Engine/Content/EditorMaterials/Camera/CineMat.uasset" 148
"../../../Engine/Content/EditorMaterials/Camera/MI_CineMat_Rig.uasset" 149
"../../../Engine/Content/EditorMeshes/Camera/SM_CraneRig_Arm.uasset" 150
"../../../Engine/Content/EditorMeshes/Camera/SM_CraneRig_Base.uasset" 151
"../../../Engine/Content/EditorMeshes/Camera/SM_CraneRig_Body.uasset" 152
"../../../Engine/Content/EditorMeshes/Camera/SM_CraneRig_Mount.uasset" 153
"../../../Engine/Content/EditorMeshes/Camera/SM_RailRig_Mount.uasset" 154
"../../../Engine/Content/EditorMeshes/Camera/SM_RailRig_Track.uasset" 155
"../../../Engine/Content/EditorMeshes/ColorCalibrator/M_ChromeBall.uasset" 156
"../../../Engine/Content/EditorMeshes/ColorCalibrator/M_ClearCoat.uasset" 157
"../../../Engine/Content/EditorMeshes/ColorCalibrator/M_ClearCoatBlack.uasset" 158
"../../../Engine/Content/EditorMeshes/ColorCalibrator/Color_checker.uasset" 159
"../../../Engine/Content/EditorMeshes/ColorCalibrator/M_ColorGrid.uasset" 160
"../../../Engine/Content/EditorMeshes/ColorCalibrator/M_GreyBall.uasset" 161
"../../../Engine/Content/EditorMeshes/ColorCalibrator/SM_ColorCalibrator.uasset" 162
"../../../Engine/Content/EditorResources/BSPVertex.uasset" 163
"../../../Engine/Content/EditorResources/EmptyActor.uasset" 164
"../../../Engine/Content/EditorResources/S_Actor.uasset" 165
"../../../Engine/Content/EditorResources/S_Trigger.uasset" 166
"../../../Engine/Content/EditorResources/LightIcons/S_LightError.uasset" 167
"../../../Engine/Content/EditorResources/SequenceRecorder/Countdown.uasset" 168
"../../../Engine/Content/EditorResources/SequenceRecorder/RecordingIndicator.uasset" 169
"../../../Engine/Content/EditorSounds/Notifications/CompileFailed.uasset" 170
"../../../Engine/Content/EditorSounds/Notifications/CompileFailed_Cue.uasset" 171
"../../../Engine/Content/EditorSounds/Notifications/CompileSuccess.uasset" 172
"../../../Engine/Content/EditorSounds/Notifications/CompileStart_Cue.uasset" 173
"../../../Engine/Content/EditorSounds/Notifications/CompileSuccess_Cue.uasset" 174
"../../../Engine/Content/EngineDamageTypes/DmgTypeBP_Environmental.uasset" 175
"../../../Engine/Content/EngineDebugMaterials/HeatmapGradient.uasset" 176
"../../../Engine/Content/EngineDebugMaterials/BoneWeightMaterial.uasset" 177
"../../../Engine/Content/EngineDebugMaterials/ClothMaterial.uasset" 178
"../../../Engine/Content/EngineDebugMaterials/ClothMaterial_WF.uasset" 179
"../../../Engine/Content/EngineDebugMaterials/DebugEditorMaterial.uasset" 180
"../../../Engine/Content/EngineDebugMaterials/DebugMeshMaterial.uasset" 181
"../../../Engine/Content/EngineDebugMaterials/GeomMaterial.uasset" 182
"../../../Engine/Content/EngineFonts/Faces/RobotoBold.uasset" 183
"../../../Engine/Content/EngineFonts/Faces/RobotoBoldItalic.uasset" 184
"../../../Engine/Content/EngineFonts/Faces/RobotoItalic.uasset" 185
"../../../Engine/Content/EngineFonts/Faces/RobotoLight.uasset" 186
"../../../Engine/Content/EngineFonts/Faces/RobotoRegular.uasset" 187
"../../../Engine/Content/EngineFonts/Roboto.uasset" 188
"../../../Engine/Content/EngineFonts/Faces/RobotoTiny.uasset" 189
"../../../Engine/Content/EngineFonts/RobotoTiny.uasset" 190
"../../../Engine/Content/EngineMaterials/DefaultBloomKernel.uasset" 191
"../../../Engine/Content/EngineMaterials/DefaultBokeh.uasset" 192
"../../../Engine/Content/EngineMaterials/DefaultDiffuse.uasset" 193
"../../../Engine/Content/EngineMaterials/DefaultDeferredDecalMaterial.uasset" 194
"../../../Engine/Content/EngineMaterials/DefaultLightFunctionMaterial.uasset" 195
"../../../Engine/Content/EngineMaterials/DefaultPhysicalMaterial.uasset" 196
"../../../Engine/Content/Functions/Engine_MaterialFunctions02/Utility/BreakOutFloat2Components.uasset" 197
"../../../Engine/Content/EngineMaterials/DefaultPostProcessMaterial.uasset" 198
"../../../Engine/Content/EngineFonts/RobotoDistanceField.uasset" 199
"../../../Engine/Content/EngineMaterials/DefaultTextMaterialOpaque.uasset" 200
"../../../Engine/Content/EngineMaterials/DefaultWhiteGrid.uasset" 201
"../../../Engine/Content/EngineMaterials/EditorBrushMaterial.uasset" 202
"../../../Engine/Content/EngineMaterials/Good64x64TilingNoiseHighFreq.uasset" 203
"../../../Engine/Content/EngineMaterials/MiniFont.uasset" 204
"../../../Engine/Content/EngineMaterials/InvalidLightmapSettings.uasset" 205
"../../../Engine/Content/EngineMaterials/M_InvalidLightmapSettings.uasset" 206
"../../../Engine/Content/Functions/Engine_MaterialFunctions02/WorldPositionOffset/CameraOffset.uasset" 207
"../../../Engine/Content/EngineMaterials/PhAT_JointLimitMaterial.uasset" 208
"../../../Engine/Content/EngineMaterials/PreintegratedSkinBRDF.uasset" 209
"../../../Engine/Content/EngineMaterials/RemoveSurfaceMaterial.uasset" 210
"../../../Engine/Content/EngineMaterials/WeightMapPlaceholderTexture.uasset" 211
"../../../Engine/Content/EngineResources/WhiteSquareTexture.uasset" 212
"../../../Engine/Content/EngineMaterials/Widget3DPassThrough.uasset" 213
"../../../Engine/Content/EngineMaterials/Widget3DPassThrough_Masked.uasset" 214
"../../../Engine/Content/EngineMaterials/Widget3DPassThrough_Opaque.uasset" 215
"../../../Engine/Content/EngineMaterials/Widget3DPassThrough_Masked_OneSided.uasset" 216
"../../../Engine/Content/EngineMaterials/Widget3DPassThrough_Opaque_OneSided.uasset" 217
"../../../Engine/Content/EngineMaterials/Widget3DPassThrough_Translucent.uasset" 218
"../../../Engine/Content/EngineMaterials/Widget3DPassThrough_Translucent_OneSided.uasset" 219
"../../../Engine/Content/EngineMeshes/Cube.uasset" 220
"../../../Engine/Content/EngineMeshes/Cylinder.uasset" 221
"../../../Engine/Content/EngineMeshes/Sphere.uasset" 222
"../../../Engine/Content/EngineResources/Black.uasset" 223
"../../../Engine/Content/EngineResources/DefaultTexture.uasset" 224
"../../../Engine/Content/EngineResources/DefaultTextureCube.uasset" 225
"../../../Engine/Content/EngineResources/GradientTexture0.uasset" 226
"../../../Engine/Content/EngineSounds/Master.uasset" 227
"../../../Engine/Content/Functions/Engine_MaterialFunctions01/Shading/ConvertFromDiffSpec.uasset" 228
"../../../Engine/Content/Functions/Engine_MaterialFunctions01/Shading/PowerToRoughness.uasset" 229
"../../../Engine/Content/Maps/Templates/Thumbnails/Default.uasset" 230
"../../../Engine/Content/Maps/Templates/Thumbnails/VR-Basic.uasset" 231
"../../../Engine/Content/MobileResources/T_MobileControls_texture.uasset" 232
"../../../Engine/Content/MobileResources/T_MobileMenu2.uasset" 233
"../../../Engine/Content/MobileResources/HUD/AnalogHat.uasset" 234
"../../../Engine/Content/MobileResources/HUD/VirtualJoystick_Background.uasset" 235
"../../../Engine/Content/MobileResources/HUD/VirtualJoystick_Thumb.uasset" 236
"../../../Engine/Content/MobileResources/HUD/DefaultVirtualJoysticks.uasset" 237
"../../../Engine/Content/MobileResources/HUD/LeftVirtualJoystickOnly.uasset" 238
"../../../Engine/Content/MobileResources/HUD/MobileHUDButton1_off.uasset" 239
"../../../Engine/Content/MobileResources/HUD/MobileHUDButton1_on.uasset" 240
"../../../Engine/Content/MobileResources/HUD/MobileHUDButton2_off.uasset" 241
"../../../Engine/Content/MobileResources/HUD/MobileHUDButton2_on.uasset" 242
"../../../Engine/Content/MobileResources/HUD/MobileHUDButton3.uasset" 243
"../../../Engine/Content/MobileResources/HUD/MobileHUDButtonFire.uasset" 244
"../../../Engine/Content/MobileResources/HUD/MobileHUDDirectionPad.uasset" 245
"../../../Engine/Content/MobileResources/HUD/MobileHUDDirectionPad2.uasset" 246
"../../../Engine/Content/MobileResources/HUD/MobileHUDDirectionPad3.uasset" 247
"../../../Engine/Content/MobileResources/HUD/MobileHUDDirectionStick.uasset" 248
"../../../Engine/Content/MobileResources/HUD/T_Castle_ThumbstickInner.uasset" 249
"../../../Engine/Content/MobileResources/HUD/T_Castle_ThumbstickOutter.uasset" 250
"../../../Engine/Content/Tutorial/ContentIntroCurve.uasset" 251
"../../../Engine/Content/Tutorial/Basics/TutorialAssets/icon_tab_Levels_40x.uasset" 252
"../../../Engine/Content/Tutorial/BlueprintTutorials/TutorialAssets/BlueprintInterface_64x.uasset" 253
"../../../Engine/Content/Tutorial/BlueprintTutorials/TutorialAssets/BlueprintMacroLibrary_64x.uasset" 254
"../../../Engine/Content/Tutorial/BlueprintTutorials/TutorialAssets/Blueprint_64x.uasset" 255
"../../../Engine/Content/Tutorial/BlueprintTutorials/TutorialAssets/Tutorial_BP_Interface.uasset" 256
"../../../Engine/Content/Tutorial/Foliage/TutorialAssets/Foliage.uasset" 257
"../../../Engine/Content/Tutorial/Landscape/TutorialAssets/Landscape.uasset" 258
"../../../Engine/Content/Tutorial/Paper2D/TutorialAssets/Paper2DFlipbook_TutorialIcon.uasset" 259
"../../../Engine/Content/Tutorial/Paper2D/TutorialAssets/Paper2DSprite_TutorialIcon.uasset" 260
"../../../Engine/Content/Tutorial/SubEditors/TutorialAssets/icon_Editor_Preferences_General_40x.uasset" 261
"../../../Engine/Content/Tutorial/SubEditors/TutorialAssets/icon_ShowSkeletalMeshes_40x.uasset" 262
"../../../Engine/Content/Tutorial/SubEditors/TutorialAssets/TutorialMaterial.uasset" 263
"../../../Engine/Content/Tutorial/SubEditors/TutorialAssets/T_SmokeSubUV_8X8.uasset" 264
"../../../Engine/Content/Tutorial/SubEditors/TutorialAssets/T_soft_smoke.uasset" 265
"../../../Engine/Content/Tutorial/SubEditors/TutorialAssets/M_smoke_subUV_blackbody.uasset" 266
"../../../Engine/Content/Tutorial/SubEditors/TutorialAssets/TutorialParticleSystem.uasset" 267
"../../../Engine/Content/VREditor/Devices/Generic/GenericHMDMaterial.uasset" 268
"../../../Engine/Content/VREditor/Devices/Generic/GenericHMD.uasset" 269
"../../../Engine/Content/Functions/Engine_MaterialFunctions02/Utility/BreakOutFloat3Components.uasset" 270
"../../../Engine/Content/VREditor/Devices/Vive/VivePreController_MasksB.uasset" 271
"../../../Engine/Content/VREditor/Devices/Oculus/OculusControllerMaterial.uasset" 272
"../../../Engine/Content/VREditor/Devices/Oculus/OculusControllerMaterial_Inst.uasset" 273
"../../../Engine/Content/VREditor/Devices/Oculus/OculusControllerMesh.uasset" 274
"../../../Engine/Content/VREditor/Devices/Vive/T_VivePreController_EM.uasset" 275
"../../../Engine/Content/VREditor/Devices/Vive/VivePreController_MasksA.uasset" 276
"../../../Engine/Content/VREditor/Devices/Vive/VivePreControllerDiffuse.uasset" 277
"../../../Engine/Content/VREditor/Devices/Vive/VivePreControllerSpec.uasset" 278
"../../../Engine/Content/VREditor/LaserPointer/VR_LaserPower_01.uasset" 279
"../../../Engine/Content/VREditor/Devices/Vive/VivePreControllerMaterial.uasset" 280
"../../../Engine/Content/VREditor/Devices/Vive/VivePreControllerMaterial_Inst.uasset" 281
"../../../Engine/Content/VREditor/Devices/Vive/VivePreControllerMesh.uasset" 282
"../../../Engine/Content/VREditor/FloatingText/LineMaterial.uasset" 283
"../../../Engine/Content/VREditor/FloatingText/JointSphere.uasset" 284
"../../../Engine/Content/VREditor/FloatingText/LineSegmentCylinder.uasset" 285
"../../../Engine/Content/VREditor/Fonts/VRText_RobotoLarge.uasset" 286
"../../../Engine/Content/VREditor/Fonts/VRTextMaterial.uasset" 287
"../../../Engine/Content/VREditor/Fonts/TranslucentVRTextMaterial.uasset" 288
"../../../Engine/Content/VREditor/LaserPointer/CursorPointer.uasset" 289
"../../../Engine/Content/VREditor/TransformGizmo/TransformGizmoMaterial.uasset" 290
"../../../Engine/Content/VREditor/LaserPointer/HoverMaterial.uasset" 291
"../../../Engine/Content/VREditor/TransformGizmo/TranslucentTransformGizmoMaterial.uasset" 292
"../../../Engine/Content/VREditor/LaserPointer/TranslucentHoverMaterial.uasset" 293
"../../../Engine/Content/VREditor/LaserPointer/HoverMesh.uasset" 294
"../../../Engine/Content/VREditor/LaserPointer/LaserPointerMaterial.uasset" 295
"../../../Engine/Content/VREditor/LaserPointer/LaserPointerMaterialInst.uasset" 296
"../../../Engine/Content/VREditor/LaserPointer/TranslucentLaserPointerMaterialInst.uasset" 297
"../../../Engine/Content/VREditor/LaserPointer/LaserPointerMesh.uasset" 298
"../../../Engine/Content/VREditor/LaserPointer/LaserPointerMesh_End.uasset" 299
"../../../Engine/Content/VREditor/LaserPointer/LaserPointerMesh_Start.uasset" 300
"../../../Engine/Content/VREditor/Sounds/VR_teleport.uasset" 301
"../../../Engine/Content/VREditor/Sounds/UI/Click_on_Button.uasset" 302
"../../../Engine/Content/VREditor/Sounds/UI/Click_on_Button_Cue.uasset" 303
"../../../Engine/Content/VREditor/Sounds/UI/Dockable_Window_Close.uasset" 304
"../../../Engine/Content/VREditor/Sounds/UI/Dockable_Window_Drop.uasset" 305
"../../../Engine/Content/VREditor/Sounds/UI/Dockable_Window_Open.uasset" 306
"../../../Engine/Content/VREditor/Sounds/UI/Dockable_Window_Pick_Up.uasset" 307
"../../../Engine/Content/VREditor/Sounds/UI/Drop_Item_From_ContentBrowser.uasset" 308
"../../../Engine/Content/VREditor/Sounds/UI/Floating_UI_Open-001.uasset" 309
"../../../Engine/Content/VREditor/Sounds/UI/Radial_Menu_FadeOut.uasset" 310
"../../../Engine/Content/VREditor/Sounds/UI/Teleport_Mode_Entered.uasset" 311
"../../../Engine/Content/VREditor/Teleport/TeleportDirectionMaterial.uasset" 312
"../../../Engine/Content/VREditor/Teleport/TeleportDirectionMaterial_Inst.uasset" 313
"../../../Engine/Content/VREditor/Teleport/TeleportDirectionMesh.uasset" 314
"../../../Engine/Content/VREditor/TransformGizmo/BoundingBoxCorner.uasset" 315
"../../../Engine/Content/VREditor/TransformGizmo/BoundingBoxEdge.uasset" 316
"../../../Engine/Content/VREditor/TransformGizmo/PlaneTranslationHandle.uasset" 317
"../../../Engine/Content/VREditor/TransformGizmo/Main.uasset" 318
"../../../Engine/Content/VREditor/TransformGizmo/Xray.uasset" 319
"../../../Engine/Content/VREditor/TransformGizmo/SM_Dialog_Close.uasset" 320
"../../../Engine/Content/VREditor/TransformGizmo/SM_Dialog_Move.uasset" 321
"../../../Engine/Content/VREditor/TransformGizmo/SM_Sequencer_Key.uasset" 322
"../../../Engine/Content/VREditor/TransformGizmo/SM_Sequencer_Node.uasset" 323
"../../../Engine/Content/VREditor/TransformGizmo/TransformGizmoMaterial_Inst.uasset" 324
"../../../Engine/Content/VREditor/TransformGizmo/TranslucentTransformGizmoMaterial_Inst.uasset" 325
"../../../Engine/Content/VREditor/Devices/Vive/UE4_Logo.uasset" 326
"../../../Engine/Content/VREditor/UI/M_ContentWindow.uasset" 327
"../../../Engine/Content/VREditor/UI/SM_ContentWindow_01.uasset" 328
"../../../Engine/Content/VREditor/UI/KeyDiskMaterial.uasset" 329
"../../../Engine/Content/VREditor/UI/DiscMaterial.uasset" 330
"../../../Engine/Content/VREditor/UI/SM_Radial_Disk.uasset" 331
"../../../Engine/Content/VREditor/UI/ArrowMaterial.uasset" 332
"../../../Engine/Content/VREditor/UI/SM_Radial_Pointer.uasset" 333
"../../../Engine/Content/Functions/Engine_MaterialFunctions01/Gradient/RadialGradient.uasset" 334
"../../../Engine/Content/VREditor/WorldMovementGrid/SimpleGrid.uasset" 335
"../../../Engine/Content/VREditor/WorldMovementGrid/GridMaterial.uasset" 336
"../../../Engine/Content/Functions/Engine_MaterialFunctions01/Density/ExponentialDensity.uasset" 337
"../../../Engine/Content/VREditor/WorldMovementGrid/GridPostProcess.uasset" 338
"../../../Engine/Content/EditorLandscapeResources/FlattenHeightMat.uasset" 339
"../../../Engine/Content/VREditor/WorldMovementGrid/PlaneMesh.uasset" 340
"../../Plugins/2D/Paper2D/Content/PlaceholderTextures/DummySpriteTexture.uasset" 341
"../../Plugins/2D/Paper2D/Content/DummySprite.uasset" 342
"../../Plugins/2D/Paper2D/Content/DefaultPaperTerrainMaterial.uasset" 343
"../../Plugins/2D/Paper2D/Content/DefaultSpriteMaterial.uasset" 344
"../../Plugins/2D/Paper2D/Content/MaskedUnlitSpriteMaterial.uasset" 345
"../../Plugins/2D/Paper2D/Content/OpaqueUnlitSpriteMaterial.uasset" 346
"../../Plugins/Media/MediaCompositing/Content/DefaultMediaPlaneTexture.uasset" 347
"../../Plugins/Media/MediaCompositing/Content/DefaultMediaPlaneMaterial.uasset" 348
"../../../Engine/Content/Functions/Engine_MaterialFunctions02/Utility/MakeFloat4.uasset" 349
"../../Plugins/Runtime/AppleARKit/Content/ARKitCameraMaterial.uasset" 350
"../../Plugins/Runtime/Oculus/OculusVR/Content/Textures/GearVRController_AO.uasset" 351
"../../Plugins/Runtime/Oculus/OculusVR/Content/Textures/GearVRController_Color.uasset" 352
"../../Plugins/Runtime/Oculus/OculusVR/Content/Textures/GearVRController_Normal.uasset" 353
"../../Plugins/Runtime/Oculus/OculusVR/Content/Materials/GearVRControllerMaterial.uasset" 354
"../../Plugins/Runtime/Oculus/OculusVR/Content/Meshes/GearVrController.uasset" 355
"../../../Engine/Content/BasicShapes/BasicShapeMaterial.uasset" 356
"../../../../../../Users/james.dev7362/Documents/GitHub/Due-Date/DD_YY_MM/Content/Other_Assets/CubeMaterial.uasset" 357
"../../../../../../Users/james.dev7362/Documents/GitHub/Due-Date/DD_YY_MM/Content/Other_Assets/1M_Cube.uasset" 358
"../../../../../../Users/james.dev7362/Documents/GitHub/Due-Date/DD_YY_MM/Content/Sound/RawSounds/Break_Big.uasset" 359
"../../../../../../Users/james.dev7362/Documents/GitHub/Due-Date/DD_YY_MM/Content/Sound/RawSounds/Break_Fragile.uasset" 360
"../../../../../../Users/james.dev7362/Documents/GitHub/Due-Date/DD_YY_MM/Content/Sound/RawSounds/Break_Small.uasset" 361
"../../../../../../Users/james.dev7362/Documents/GitHub/Due-Date/DD_YY_MM/Content/Bin_Assets/DeathBin.uasset" 362
"../../../../../../Users/james.dev7362/Documents/GitHub/Due-Date/DD_YY_MM/Content/Parcel_Assets/Shelf_n_Covnveyer/TEX_CoveyerBelt.uasset" 363
"../../../../../../Users/james.dev7362/Documents/GitHub/Due-Date/DD_YY_MM/Content/Parcel_Assets/Shelf_n_Covnveyer/lambert4.uasset" 364
"../../../../../../Users/james.dev7362/Documents/GitHub/Due-Date/DD_YY_MM/Content/Parcel_Assets/Shelf_n_Covnveyer/MESH_ConveyorBelt.uasset" 365
"../../../../../../Users/james.dev7362/Documents/GitHub/Due-Date/DD_YY_MM/Content/Parcel_Assets/Shelf_n_Covnveyer/MESH_ConveyorBelt_Blueprint.uasset" 366
"../../../../../../Users/james.dev7362/Documents/GitHub/Due-Date/DD_YY_MM/Content/Maps/Level_0/Level_0_BuiltData.uasset" 367
"../../../../../../Users/james.dev7362/Documents/GitHub/Due-Date/DD_YY_MM/Content/Maps/Level_0/TEX_Wearhouse.uasset" 368
"../../../../../../Users/james.dev7362/Documents/GitHub/Due-Date/DD_YY_MM/Content/Maps/Level_0/Warehouse_Mat.uasset" 369
"../../../../../../Users/james.dev7362/Documents/GitHub/Due-Date/DD_YY_MM/Content/User_Interface/Ico_Clipboard.uasset" 370
"../../../../../../Users/james.dev7362/Documents/GitHub/Due-Date/DD_YY_MM/Content/User_Interface/Ico_Stopwatch.uasset" 371
"../../../../../../Users/james.dev7362/Documents/GitHub/Due-Date/DD_YY_MM/Content/User_Interface/Main_Menu/Pause.uasset" 372
"../../../../../../Users/james.dev7362/Documents/GitHub/Due-Date/DD_YY_MM/Content/User_Interface/Gameplay_UI_BP.uasset" 373
"../../../Engine/Content/BasicShapes/Plane.uasset" 374
"../../../../../../Users/james.dev7362/Documents/GitHub/Due-Date/DD_YY_MM/Content/Maps/Level_0/MESH_Wearhouse_WDoor.uasset" 375
"../../../../../../Users/james.dev7362/Documents/GitHub/Due-Date/DD_YY_MM/Content/Other_Assets/StaticMesh.uasset" 376
"../../../../../../Users/james.dev7362/Documents/GitHub/Due-Date/DD_YY_MM/Content/Other_Assets/StaticMesh1.uasset" 377
"../../../../../../Users/james.dev7362/Documents/GitHub/Due-Date/DD_YY_MM/Content/Other_Assets/M_Basic_Wall.uasset" 378
"../../../../../../Users/james.dev7362/Documents/GitHub/Due-Date/DD_YY_MM/Content/Other_Assets/Wall_400x200.uasset" 379
"../../../../../../Users/james.dev7362/Documents/GitHub/Due-Date/DD_YY_MM/Content/Parcel_Assets/Box_1_Mesh.uasset" 380
"../../../../../../Users/james.dev7362/Documents/GitHub/Due-Date/DD_YY_MM/Content/Parcel_Assets/Shelf_n_Covnveyer/TEX_Shelf.uasset" 381
"../../../../../../Users/james.dev7362/Documents/GitHub/Due-Date/DD_YY_MM/Content/Parcel_Assets/Shelf_n_Covnveyer/MAT_Shelf1.uasset" 382
"../../../../../../Users/james.dev7362/Documents/GitHub/Due-Date/DD_YY_MM/Content/Parcel_Assets/Shelf_n_Covnveyer/MESH_Shelf.uasset" 383
"../../../../../../Users/james.dev7362/Documents/GitHub/Due-Date/DD_YY_MM/Content/Maps/Level_0/Level_0.umap" 384
"../../../../../../Users/james.dev7362/Documents/GitHub/Due-Date/DD_YY_MM/Content/User_Interface/Main_Menu/BP_Menu_Crate.uasset" 385
"../../../../../../Users/james.dev7362/Documents/GitHub/Due-Date/DD_YY_MM/Content/Bin_Assets/Truck/MESH_Truck.uasset" 386
"../../../../../../Users/james.dev7362/Documents/GitHub/Due-Date/DD_YY_MM/Content/User_Interface/Main_Menu/Main_Menu_Truck.uasset" 387
"../../../../../../Users/james.dev7362/Documents/GitHub/Due-Date/DD_YY_MM/Content/Sound/RawSounds/BGM_Menu.uasset" 388
"../../../../../../Users/james.dev7362/Documents/GitHub/Due-Date/DD_YY_MM/Content/Sound/RawSounds/Throw3.uasset" 389
"../../../../../../Users/james.dev7362/Documents/GitHub/Due-Date/DD_YY_MM/Content/Sound/RawSounds/Truck_DriveOff.uasset" 390
"../../../../../../Users/james.dev7362/Documents/GitHub/Due-Date/DD_YY_MM/Content/User_Interface/Main_Menu/Play.uasset" 391
"../../../../../../Users/james.dev7362/Documents/GitHub/Due-Date/DD_YY_MM/Content/User_Interface/Main_Menu/Press_space.uasset" 392
"../../../../../../Users/james.dev7362/Documents/GitHub/Due-Date/DD_YY_MM/Content/User_Interface/Main_Menu/Quit.uasset" 393
"../../../../../../Users/james.dev7362/Documents/GitHub/Due-Date/DD_YY_MM/Content/User_Interface/Main_Menu/s8d2t6ho.uasset" 394
"../../../../../../Users/james.dev7362/Documents/GitHub/Due-Date/DD_YY_MM/Content/User_Interface/Main_Menu/Tutorial.uasset" 395
"../../../../../../Users/james.dev7362/Documents/GitHub/Due-Date/DD_YY_MM/Content/User_Interface/Main_Menu/xcoxq7xw.uasset" 396
"../../../../../../Users/james.dev7362/Documents/GitHub/Due-Date/DD_YY_MM/Content/User_Interface/Main_Menu/Main_Menu_BP.uasset" 397
"../../../../../../Users/james.dev7362/Documents/GitHub/Due-Date/DD_YY_MM/Content/Maps/Main_Menu_Level/Main_Menu_Level_BuiltData.uasset" 398
"../../../../../../Users/james.dev7362/Documents/GitHub/Due-Date/DD_YY_MM/Content/Other_Assets/Floor_400x400.uasset" 399
"../../../../../../Users/james.dev7362/Documents/GitHub/Due-Date/DD_YY_MM/Content/Maps/Main_Menu_Level/Main_Menu_Level.umap" 400
"../../../Engine/Content/Maps/Entry.umap" 401
