Log file open, 10/24/18 09:58:21
LogWindows: Failed to load 'aqProf.dll' (GetLastError=126)
LogWindows: File 'aqProf.dll' does not exist
LogWindows: Failed to load 'VtuneApi.dll' (GetLastError=126)
LogWindows: File 'VtuneApi.dll' does not exist
LogWindows: Failed to load 'VtuneApi32e.dll' (GetLastError=126)
LogWindows: File 'VtuneApi32e.dll' does not exist
LogInit: Display: Running engine for game: ManagementGame
LogPlatformFile: Not using cached read wrapper
LogInit: Display: RandInit(-578281145) SRandInit(-578281145).
LogInit: Read version file with build ID '3944462'
LogInit: Overriding engine version to CL 4033788, compatible CL 3944462
LogInit: Registered custom module enumerator with build ID '3944462'
LogTaskGraph: Started task graph with 5 named threads and 23 total threads with 3 sets of task threads.
LogStats: Stats thread started at 0.254726
LogD3D11RHI: Aftermath initialized
LogICUInternationalization: Display: ICU TimeZone Detection - Raw Offset: +12:00, Platform Override: ''
LogPluginManager: Mounting plugin Paper2D
LogPluginManager: Mounting plugin LiveLink
LogPluginManager: Mounting plugin LightPropagationVolume
LogPluginManager: Mounting plugin CLionSourceCodeAccess
LogPluginManager: Mounting plugin CodeLiteSourceCodeAccess
LogPluginManager: Mounting plugin GitSourceControl
LogPluginManager: Mounting plugin KDevelopSourceCodeAccess
LogPluginManager: Mounting plugin NullSourceCodeAccess
LogPluginManager: Mounting plugin PerforceSourceControl
LogPluginManager: Mounting plugin SubversionSourceControl
LogPluginManager: Mounting plugin UObjectPlugin
LogPluginManager: Mounting plugin VisualStudioCodeSourceCodeAccess
LogPluginManager: Mounting plugin VisualStudioSourceCodeAccess
LogPluginManager: Mounting plugin XCodeSourceCodeAccess
LogPluginManager: Mounting plugin AssetManagerEditor
LogPluginManager: Mounting plugin CryptoKeys
LogPluginManager: Mounting plugin DataValidation
LogPluginManager: Mounting plugin FacialAnimation
LogPluginManager: Mounting plugin GameplayTagsEditor
LogPluginManager: Mounting plugin MobileLauncherProfileWizard
LogPluginManager: Mounting plugin PluginBrowser
LogPluginManager: Mounting plugin SpeedTreeImporter
LogPluginManager: Mounting plugin DatasmithContent
LogPluginManager: Mounting plugin AlembicImporter
LogPluginManager: Mounting plugin CharacterAI
LogPluginManager: Mounting plugin HTML5Networking
LogPluginManager: Mounting plugin AndroidMedia
LogPluginManager: Mounting plugin AvfMedia
LogPluginManager: Mounting plugin ImgMedia
LogPluginManager: Mounting plugin LinearTimecode
LogPluginManager: Mounting plugin MediaCompositing
LogPluginManager: Mounting plugin MediaPlayerEditor
LogPluginManager: Mounting plugin WmfMedia
LogPluginManager: Mounting plugin TcpMessaging
LogPluginManager: Mounting plugin UdpMessaging
LogPluginManager: Mounting plugin ActorSequence
LogPluginManager: Mounting plugin LevelSequenceEditor
LogPluginManager: Mounting plugin MatineeToLevelSequence
LogPluginManager: Mounting plugin NetcodeUnitTest
LogPluginManager: Mounting plugin NUTUnrealEngine4
LogPluginManager: Mounting plugin OnlineSubsystemGooglePlay
LogPluginManager: Mounting plugin OnlineSubsystemIOS
LogPluginManager: Mounting plugin OnlineSubsystem
LogPluginManager: Mounting plugin OnlineSubsystemNull
LogPluginManager: Mounting plugin OnlineSubsystemUtils
LogPluginManager: Mounting plugin AndroidDeviceProfileSelector
LogPluginManager: Mounting plugin AndroidMoviePlayer
LogPluginManager: Mounting plugin AndroidPermission
LogPluginManager: Mounting plugin ApexDestruction
LogPluginManager: Mounting plugin AppleARKit
LogPluginManager: Mounting plugin AppleMoviePlayer
LogPluginManager: Mounting plugin ArchVisCharacter
LogPluginManager: Mounting plugin AudioCapture
LogPluginManager: Mounting plugin CableComponent
LogPluginManager: Mounting plugin CustomMeshComponent
LogPluginManager: Mounting plugin ExampleDeviceProfileSelector
LogPluginManager: Mounting plugin GoogleCloudMessaging
LogPluginManager: Mounting plugin ImmediatePhysics
LogPluginManager: Mounting plugin IOSDeviceProfileSelector
LogPluginManager: Mounting plugin LinuxDeviceProfileSelector
LogPluginManager: Mounting plugin LocationServicesBPLibrary
LogPluginManager: Mounting plugin MobilePatchingUtils
LogPluginManager: Mounting plugin OculusVR
LogPluginManager: Plugin shader directory ../../../Engine/Plugins/Runtime/Oculus/OculusVR/Shaders found
LogPluginManager: Mapping shader source directory ../../../Engine/Plugins/Runtime/Oculus/OculusVR/Shaders to virtual directory /Plugin/OculusVR
LogPluginManager: Mounting plugin PhysXVehicles
LogPluginManager: Mounting plugin ProceduralMeshComponent
LogPluginManager: Mounting plugin RuntimePhysXCooking
LogPluginManager: Mounting plugin SteamVR
LogPluginManager: Mounting plugin WindowsMoviePlayer
LogStreaming: Display: Took  0.073s to configure plugins.
LogModuleManager: Display: Found up-to-date module file ../../../../../Users/michael.xu7480/Documents/MiniProduction2-ALBERT/DD_YY_MM/Binaries/Win64/UE4Editor-ManagementGame.dll (API version 3944462).
LogModuleManager: Display: Found up-to-date module file ../../../Engine/Plugins/2D/Paper2D/Binaries/Win64/UE4Editor-Paper2D.dll (API version 3944462).
LogModuleManager: Display: Found up-to-date module file ../../../Engine/Plugins/2D/Paper2D/Binaries/Win64/UE4Editor-Paper2DEditor.dll (API version 3944462).
LogModuleManager: Display: Found up-to-date module file ../../../Engine/Plugins/2D/Paper2D/Binaries/Win64/UE4Editor-PaperSpriteSheetImporter.dll (API version 3944462).
LogModuleManager: Display: Found up-to-date module file ../../../Engine/Plugins/2D/Paper2D/Binaries/Win64/UE4Editor-PaperTiledImporter.dll (API version 3944462).
LogModuleManager: Display: Found up-to-date module file ../../../Engine/Plugins/2D/Paper2D/Binaries/Win64/UE4Editor-SmartSnapping.dll (API version 3944462).
LogModuleManager: Display: Found up-to-date module file ../../../Engine/Plugins/Animation/LiveLink/Binaries/Win64/UE4Editor-LiveLink.dll (API version 3944462).
LogModuleManager: Display: Found up-to-date module file ../../../Engine/Plugins/Animation/LiveLink/Binaries/Win64/UE4Editor-LiveLinkEditor.dll (API version 3944462).
LogModuleManager: Display: Found up-to-date module file ../../../Engine/Plugins/Blendables/LightPropagationVolume/Binaries/Win64/UE4Editor-LightPropagationVolumeRuntime.dll (API version 3944462).
LogModuleManager: Display: Found up-to-date module file ../../../Engine/Plugins/Blendables/LightPropagationVolume/Binaries/Win64/UE4Editor-LightPropagationVolumeEditor.dll (API version 3944462).
LogModuleManager: Display: Found up-to-date module file ../../../Engine/Plugins/Developer/CLionSourceCodeAccess/Binaries/Win64/UE4Editor-CLionSourceCodeAccess.dll (API version 3944462).
LogModuleManager: Display: Found up-to-date module file ../../../Engine/Plugins/Developer/GitSourceControl/Binaries/Win64/UE4Editor-GitSourceControl.dll (API version 3944462).
LogModuleManager: Display: Found up-to-date module file ../../../Engine/Plugins/Developer/PerforceSourceControl/Binaries/Win64/UE4Editor-PerforceSourceControl.dll (API version 3944462).
LogModuleManager: Display: Found up-to-date module file ../../../Engine/Plugins/Developer/SubversionSourceControl/Binaries/Win64/UE4Editor-SubversionSourceControl.dll (API version 3944462).
LogModuleManager: Display: Found up-to-date module file ../../../Engine/Plugins/Developer/UObjectPlugin/Binaries/Win64/UE4Editor-UObjectPlugin.dll (API version 3944462).
LogModuleManager: Display: Found up-to-date module file ../../../Engine/Plugins/Developer/VisualStudioCodeSourceCodeAccess/Binaries/Win64/UE4Editor-VisualStudioCodeSourceCodeAccess.dll (API version 3944462).
LogModuleManager: Display: Found up-to-date module file ../../../Engine/Plugins/Developer/VisualStudioSourceCodeAccess/Binaries/Win64/UE4Editor-VisualStudioSourceCodeAccess.dll (API version 3944462).
LogModuleManager: Display: Found up-to-date module file ../../../Engine/Plugins/Editor/AssetManagerEditor/Binaries/Win64/UE4Editor-AssetManagerEditor.dll (API version 3944462).
LogModuleManager: Display: Found up-to-date module file ../../../Engine/Plugins/Editor/CryptoKeys/Binaries/Win64/UE4Editor-CryptoKeys.dll (API version 3944462).
LogModuleManager: Display: Found up-to-date module file ../../../Engine/Plugins/Editor/CryptoKeys/Binaries/Win64/UE4Editor-CryptoKeysOpenSSL.dll (API version 3944462).
LogModuleManager: Display: Found up-to-date module file ../../../Engine/Plugins/Editor/DataValidation/Binaries/Win64/UE4Editor-DataValidation.dll (API version 3944462).
LogModuleManager: Display: Found up-to-date module file ../../../Engine/Plugins/Editor/FacialAnimation/Binaries/Win64/UE4Editor-FacialAnimation.dll (API version 3944462).
LogModuleManager: Display: Found up-to-date module file ../../../Engine/Plugins/Editor/FacialAnimation/Binaries/Win64/UE4Editor-FacialAnimationEditor.dll (API version 3944462).
LogModuleManager: Display: Found up-to-date module file ../../../Engine/Plugins/Editor/GameplayTagsEditor/Binaries/Win64/UE4Editor-GameplayTagsEditor.dll (API version 3944462).
LogModuleManager: Display: Found up-to-date module file ../../../Engine/Plugins/Editor/MobileLauncherProfileWizard/Binaries/Win64/UE4Editor-MobileLauncherProfileWizard.dll (API version 3944462).
LogModuleManager: Display: Found up-to-date module file ../../../Engine/Plugins/Editor/PluginBrowser/Binaries/Win64/UE4Editor-PluginBrowser.dll (API version 3944462).
LogModuleManager: Display: Found up-to-date module file ../../../Engine/Plugins/Editor/SpeedTreeImporter/Binaries/Win64/UE4Editor-SpeedTreeImporter.dll (API version 3944462).
LogModuleManager: Display: Found up-to-date module file ../../../Engine/Plugins/Enterprise/DatasmithContent/Binaries/Win64/UE4Editor-DatasmithContent.dll (API version 3944462).
LogModuleManager: Display: Found up-to-date module file ../../../Engine/Plugins/Experimental/AlembicImporter/Binaries/Win64/UE4Editor-AlembicImporter.dll (API version 3944462).
LogModuleManager: Display: Found up-to-date module file ../../../Engine/Plugins/Experimental/AlembicImporter/Binaries/Win64/UE4Editor-AlembicLibrary.dll (API version 3944462).
LogModuleManager: Display: Found up-to-date module file ../../../Engine/Plugins/Experimental/CharacterAI/Binaries/Win64/UE4Editor-CharacterAI.dll (API version 3944462).
LogModuleManager: Display: Found up-to-date module file ../../../Engine/Plugins/Experimental/HTML5Networking/Binaries/Win64/UE4Editor-HTML5Networking.dll (API version 3944462).
LogModuleManager: Display: Found up-to-date module file ../../../Engine/Plugins/Media/AndroidMedia/Binaries/Win64/UE4Editor-AndroidMediaEditor.dll (API version 3944462).
LogModuleManager: Display: Found up-to-date module file ../../../Engine/Plugins/Media/AndroidMedia/Binaries/Win64/UE4Editor-AndroidMediaFactory.dll (API version 3944462).
LogModuleManager: Display: Found up-to-date module file ../../../Engine/Plugins/Media/AvfMedia/Binaries/Win64/UE4Editor-AvfMediaEditor.dll (API version 3944462).
LogModuleManager: Display: Found up-to-date module file ../../../Engine/Plugins/Media/AvfMedia/Binaries/Win64/UE4Editor-AvfMediaFactory.dll (API version 3944462).
LogModuleManager: Display: Found up-to-date module file ../../../Engine/Plugins/Media/AvfMedia/Binaries/Win64/UE4Editor-AvfMediaFactory.dll (API version 3944462).
LogModuleManager: Display: Found up-to-date module file ../../../Engine/Plugins/Media/ImgMedia/Binaries/Win64/UE4Editor-ImgMedia.dll (API version 3944462).
LogModuleManager: Display: Found up-to-date module file ../../../Engine/Plugins/Media/ImgMedia/Binaries/Win64/UE4Editor-ImgMediaEditor.dll (API version 3944462).
LogModuleManager: Display: Found up-to-date module file ../../../Engine/Plugins/Media/ImgMedia/Binaries/Win64/UE4Editor-ImgMediaFactory.dll (API version 3944462).
LogModuleManager: Display: Found up-to-date module file ../../../Engine/Plugins/Media/ImgMedia/Binaries/Win64/UE4Editor-ImgMediaFactory.dll (API version 3944462).
LogModuleManager: Display: Found up-to-date module file ../../../Engine/Plugins/Media/ImgMedia/Binaries/Win64/UE4Editor-OpenExrWrapper.dll (API version 3944462).
LogModuleManager: Display: Found up-to-date module file ../../../Engine/Plugins/Media/LinearTimecode/Binaries/Win64/UE4Editor-LinearTimecode.dll (API version 3944462).
LogModuleManager: Display: Found up-to-date module file ../../../Engine/Plugins/Media/MediaCompositing/Binaries/Win64/UE4Editor-MediaCompositing.dll (API version 3944462).
LogModuleManager: Display: Found up-to-date module file ../../../Engine/Plugins/Media/MediaCompositing/Binaries/Win64/UE4Editor-MediaCompositingEditor.dll (API version 3944462).
LogModuleManager: Display: Found up-to-date module file ../../../Engine/Plugins/Media/MediaPlayerEditor/Binaries/Win64/UE4Editor-MediaPlayerEditor.dll (API version 3944462).
LogModuleManager: Display: Found up-to-date module file ../../../Engine/Plugins/Media/WmfMedia/Binaries/Win64/UE4Editor-WmfMedia.dll (API version 3944462).
LogModuleManager: Display: Found up-to-date module file ../../../Engine/Plugins/Media/WmfMedia/Binaries/Win64/UE4Editor-WmfMediaEditor.dll (API version 3944462).
LogModuleManager: Display: Found up-to-date module file ../../../Engine/Plugins/Media/WmfMedia/Binaries/Win64/UE4Editor-WmfMediaFactory.dll (API version 3944462).
LogModuleManager: Display: Found up-to-date module file ../../../Engine/Plugins/Media/WmfMedia/Binaries/Win64/UE4Editor-WmfMediaFactory.dll (API version 3944462).
LogModuleManager: Display: Found up-to-date module file ../../../Engine/Plugins/Messaging/TcpMessaging/Binaries/Win64/UE4Editor-TcpMessaging.dll (API version 3944462).
LogModuleManager: Display: Found up-to-date module file ../../../Engine/Plugins/Messaging/UdpMessaging/Binaries/Win64/UE4Editor-UdpMessaging.dll (API version 3944462).
LogModuleManager: Display: Found up-to-date module file ../../../Engine/Plugins/MovieScene/ActorSequence/Binaries/Win64/UE4Editor-ActorSequence.dll (API version 3944462).
LogModuleManager: Display: Found up-to-date module file ../../../Engine/Plugins/MovieScene/LevelSequenceEditor/Binaries/Win64/UE4Editor-LevelSequenceEditor.dll (API version 3944462).
LogModuleManager: Display: Found up-to-date module file ../../../Engine/Plugins/MovieScene/MatineeToLevelSequence/Binaries/Win64/UE4Editor-MatineeToLevelSequence.dll (API version 3944462).
LogModuleManager: Display: Found up-to-date module file ../../../Engine/Plugins/NetcodeUnitTest/NetcodeUnitTest/Binaries/Win64/UE4Editor-NetcodeUnitTest.dll (API version 3944462).
LogModuleManager: Display: Found up-to-date module file ../../../Engine/Plugins/NetcodeUnitTest/NUTUnrealEngine4/Binaries/Win64/UE4Editor-NUTUnrealEngine4.dll (API version 3944462).
LogModuleManager: Display: Found up-to-date module file ../../../Engine/Plugins/Online/OnlineSubsystem/Binaries/Win64/UE4Editor-OnlineSubsystem.dll (API version 3944462).
LogModuleManager: Display: Found up-to-date module file ../../../Engine/Plugins/Online/OnlineSubsystemNull/Binaries/Win64/UE4Editor-OnlineSubsystemNull.dll (API version 3944462).
LogModuleManager: Display: Found up-to-date module file ../../../Engine/Plugins/Online/OnlineSubsystemUtils/Binaries/Win64/UE4Editor-OnlineSubsystemUtils.dll (API version 3944462).
LogModuleManager: Display: Found up-to-date module file ../../../Engine/Plugins/Online/OnlineSubsystemUtils/Binaries/Win64/UE4Editor-OnlineBlueprintSupport.dll (API version 3944462).
LogModuleManager: Display: Found up-to-date module file ../../../Engine/Plugins/Runtime/AndroidDeviceProfileSelector/Binaries/Win64/UE4Editor-AndroidDeviceProfileSelector.dll (API version 3944462).
LogModuleManager: Display: Found up-to-date module file ../../../Engine/Plugins/Runtime/AndroidPermission/Binaries/Win64/UE4Editor-AndroidPermission.dll (API version 3944462).
LogModuleManager: Display: Found up-to-date module file ../../../Engine/Plugins/Runtime/ApexDestruction/Binaries/Win64/UE4Editor-ApexDestruction.dll (API version 3944462).
LogModuleManager: Display: Found up-to-date module file ../../../Engine/Plugins/Runtime/ApexDestruction/Binaries/Win64/UE4Editor-ApexDestructionEditor.dll (API version 3944462).
LogModuleManager: Display: Found up-to-date module file ../../../Engine/Plugins/Runtime/AppleARKit/Binaries/Win64/UE4Editor-AppleARKit.dll (API version 3944462).
LogModuleManager: Display: Found up-to-date module file ../../../Engine/Plugins/Runtime/ArchVisCharacter/Binaries/Win64/UE4Editor-ArchVisCharacter.dll (API version 3944462).
LogModuleManager: Display: Found up-to-date module file ../../../Engine/Plugins/Runtime/AudioCapture/Binaries/Win64/UE4Editor-AudioCapture.dll (API version 3944462).
LogModuleManager: Display: Found up-to-date module file ../../../Engine/Plugins/Runtime/AudioCapture/Binaries/Win64/UE4Editor-AudioCaptureEditor.dll (API version 3944462).
LogModuleManager: Display: Found up-to-date module file ../../../Engine/Plugins/Runtime/CableComponent/Binaries/Win64/UE4Editor-CableComponent.dll (API version 3944462).
LogModuleManager: Display: Found up-to-date module file ../../../Engine/Plugins/Runtime/CustomMeshComponent/Binaries/Win64/UE4Editor-CustomMeshComponent.dll (API version 3944462).
LogModuleManager: Display: Found up-to-date module file ../../../Engine/Plugins/Runtime/ExampleDeviceProfileSelector/Binaries/Win64/UE4Editor-ExampleDeviceProfileSelector.dll (API version 3944462).
LogModuleManager: Display: Found up-to-date module file ../../../Engine/Plugins/Runtime/ImmediatePhysics/Binaries/Win64/UE4Editor-ImmediatePhysics.dll (API version 3944462).
LogModuleManager: Display: Found up-to-date module file ../../../Engine/Plugins/Runtime/ImmediatePhysics/Binaries/Win64/UE4Editor-ImmediatePhysicsEditor.dll (API version 3944462).
LogModuleManager: Display: Found up-to-date module file ../../../Engine/Plugins/Runtime/LocationServicesBPLibrary/Binaries/Win64/UE4Editor-LocationServicesBPLibrary.dll (API version 3944462).
LogModuleManager: Display: Found up-to-date module file ../../../Engine/Plugins/Runtime/MobilePatchingUtils/Binaries/Win64/UE4Editor-MobilePatchingUtils.dll (API version 3944462).
LogModuleManager: Display: Found up-to-date module file ../../../Engine/Plugins/Runtime/Oculus/OculusVR/Binaries/Win64/UE4Editor-OculusHMD.dll (API version 3944462).
LogModuleManager: Display: Found up-to-date module file ../../../Engine/Plugins/Runtime/Oculus/OculusVR/Binaries/Win64/UE4Editor-OculusInput.dll (API version 3944462).
LogModuleManager: Display: Found up-to-date module file ../../../Engine/Plugins/Runtime/Oculus/OculusVR/Binaries/Win64/UE4Editor-OculusEditor.dll (API version 3944462).
LogModuleManager: Display: Found up-to-date module file ../../../Engine/Plugins/Runtime/PhysXVehicles/Binaries/Win64/UE4Editor-PhysXVehicles.dll (API version 3944462).
LogModuleManager: Display: Found up-to-date module file ../../../Engine/Plugins/Runtime/PhysXVehicles/Binaries/Win64/UE4Editor-PhysXVehiclesEditor.dll (API version 3944462).
LogModuleManager: Display: Found up-to-date module file ../../../Engine/Plugins/Runtime/ProceduralMeshComponent/Binaries/Win64/UE4Editor-ProceduralMeshComponent.dll (API version 3944462).
LogModuleManager: Display: Found up-to-date module file ../../../Engine/Plugins/Runtime/ProceduralMeshComponent/Binaries/Win64/UE4Editor-ProceduralMeshComponentEditor.dll (API version 3944462).
LogModuleManager: Display: Found up-to-date module file ../../../Engine/Plugins/Runtime/RuntimePhysXCooking/Binaries/Win64/UE4Editor-RuntimePhysXCooking.dll (API version 3944462).
LogModuleManager: Display: Found up-to-date module file ../../../Engine/Plugins/Runtime/Steam/SteamVR/Binaries/Win64/UE4Editor-SteamVR.dll (API version 3944462).
LogModuleManager: Display: Found up-to-date module file ../../../Engine/Plugins/Runtime/Steam/SteamVR/Binaries/Win64/UE4Editor-SteamVRController.dll (API version 3944462).
LogModuleManager: Display: Found up-to-date module file ../../../Engine/Plugins/Runtime/WindowsMoviePlayer/Binaries/Win64/UE4Editor-WindowsMoviePlayer.dll (API version 3944462).
LogInit: Using libcurl 7.47.1
LogInit:  - built for x86_64-pc-win32
LogInit:  - supports SSL with OpenSSL/1.0.2g
LogInit:  - supports HTTP deflate (compression) using libz 1.2.8
LogInit:  - other features:
LogInit:      CURL_VERSION_SSL
LogInit:      CURL_VERSION_LIBZ
LogInit:      CURL_VERSION_IPV6
LogInit:      CURL_VERSION_ASYNCHDNS
LogInit:      CURL_VERSION_LARGEFILE
LogInit:      CURL_VERSION_IDN
LogInit:  CurlRequestOptions (configurable via config and command line):
LogInit:  - bVerifyPeer = false  - Libcurl will NOT verify peer certificate
LogInit:  - bUseHttpProxy = false  - Libcurl will NOT use HTTP proxy
LogInit:  - bDontReuseConnections = false  - Libcurl will reuse connections
LogInit:  - CertBundlePath = nullptr  - Libcurl will use whatever was configured at build time.
LogInit:  - MaxHostConnections = 16  - Libcurl will limit the number of connections to a host
LogInit:  - LocalHostAddr = Default
LogInit: WinSock: version 1.1 (2.2), MaxSocks=32767, MaxUdp=65467
LogInit: WinSock: I am 1806C024 (10.18.0.88:0)
LogInit: Build: ++UE4+Release-4.19-CL-4033788
LogInit: Engine Version: 4.19.2-4033788+++UE4+Release-4.19
LogInit: Compatible Engine Version: 4.19.0-3944462+++UE4+Release-4.19
LogInit: Net CL: 3944462
LogDevObjectVersion: Number of dev versions registered: 18
LogDevObjectVersion:   Dev-Blueprints (B0D832E4-1F89-4F0D-ACCF-7EB736FD4AA2): 10
LogDevObjectVersion:   Dev-Build (E1C64328-A22C-4D53-A36C-8E866417BD8C): 0
LogDevObjectVersion:   Dev-Core (375EC13C-06E4-48FB-B500-84F0262A717E): 2
LogDevObjectVersion:   Dev-Editor (E4B068ED-F494-42E9-A231-DA0B2E46BB41): 23
LogDevObjectVersion:   Dev-Framework (CFFC743F-43B0-4480-9391-14DF171D2073): 33
LogDevObjectVersion:   Dev-Mobile (B02B49B5-BB20-44E9-A304-32B752E40360): 2
LogDevObjectVersion:   Dev-Networking (A4E4105C-59A1-49B5-A7C5-40C4547EDFEE): 0
LogDevObjectVersion:   Dev-Online (39C831C9-5AE6-47DC-9A44-9C173E1C8E7C): 0
LogDevObjectVersion:   Dev-Physics (78F01B33-EBEA-4F98-B9B4-84EACCB95AA2): 0
LogDevObjectVersion:   Dev-Platform (6631380F-2D4D-43E0-8009-CF276956A95A): 0
LogDevObjectVersion:   Dev-Rendering (12F88B9F-8875-4AFC-A67C-D90C383ABD29): 25
LogDevObjectVersion:   Dev-Sequencer (7B5AE74C-D270-4C10-A958-57980B212A5A): 6
LogDevObjectVersion:   Dev-VR (D7296918-1DD6-4BDD-9DE2-64A83CC13884): 1
LogDevObjectVersion:   Dev-LoadTimes (C2A15278-BFE7-4AFE-6C17-90FF531DF755): 1
LogDevObjectVersion:   Private-Geometry (6EACA3D4-40EC-4CC1-B786-8BED09428FC5): 2
LogDevObjectVersion:   Dev-AnimPhys (29E575DD-E0A3-4627-9D10-D276232CDCEA): 16
LogDevObjectVersion:   Dev-ReflectionCapture (6B266CEC-1EC7-4B8F-A30B-E4D90942FC07): 1
LogDevObjectVersion:   Dev-Automation (0DF73D61-A23F-47EA-B727-89E90C41499A): 1
LogInit: Compiled (64-bit): Apr 27 2018 02:06:57
LogInit: Compiled with Visual C++: 19.00.24215.01
LogInit: Build Configuration: Development
LogInit: Branch Name: ++UE4+Release-4.19
LogInit: Command Line:  
LogInit: Base Directory: D:/Epic/UE_4.19/Engine/Binaries/Win64/
LogInit: Installed Engine Build: 1
LogStreaming: Display: Took  0.000s to delete old logs.
LogInit: Presizing for max 8388607 objects, including 0 objects not considered by GC, pre-allocating 0 bytes for permanent pool.
LogInit: Object subsystem initialized
[2018.10.23-20.58.22:828][  0]LogInit: Selected Device Profile: [Windows]
[2018.10.23-20.58.22:828][  0]LogInit: Applying CVar settings loaded from the selected device profile: [Windows]
[2018.10.23-20.58.22:835][  0]LogInit: Computer: 1806C024
[2018.10.23-20.58.22:835][  0]LogInit: User: michaelxu7480
[2018.10.23-20.58.22:835][  0]LogInit: CPU Page size=4096, Cores=4
[2018.10.23-20.58.22:835][  0]LogInit: High frequency timer resolution =3.515628 MHz
[2018.10.23-20.58.22:835][  0]LogMemory: Memory total: Physical=32.0GB (32GB approx)
[2018.10.23-20.58.22:835][  0]LogMemory: Platform Memory Stats for Windows
[2018.10.23-20.58.22:835][  0]LogMemory: Process Physical Memory: 274.75 MB used, 274.75 MB peak
[2018.10.23-20.58.22:835][  0]LogMemory: Process Virtual Memory: 264.75 MB used, 264.75 MB peak
[2018.10.23-20.58.22:835][  0]LogMemory: Physical Memory: 10338.02 MB used,  22389.63 MB free, 32727.65 MB total
[2018.10.23-20.58.22:835][  0]LogMemory: Virtual Memory: 697.59 MB used,  22389.63 MB free, 134217728.00 MB total
[2018.10.23-20.58.22:853][  0]LogInit: Using OS detected language (en-US).
[2018.10.23-20.58.22:853][  0]LogInit: Using OS detected locale (en-US).
[2018.10.23-20.58.22:855][  0]LogTextLocalizationManager: No specific localization for 'en-US' exists, so the 'en' localization will be used.
[2018.10.23-20.58.23:180][  0]LogStreaming: Display: Took  0.328s to EndInitTextLocalization.
[2018.10.23-20.58.23:181][  0]LogInit: Setting process to per monitor DPI aware
[2018.10.23-20.58.23:205][  0]LogSlate: New Slate User Created.  User Index 0, Is Virtual User: 0
[2018.10.23-20.58.23:205][  0]LogSlate: Slate User Registered.  User Index 0, Is Virtual User: 0
[2018.10.23-20.58.23:390][  0]LogD3D11RHI: D3D11 adapters:
[2018.10.23-20.58.23:430][  0]LogD3D11RHI:    0. 'NVIDIA GeForce GTX 1080' (Feature Level 11_0)
[2018.10.23-20.58.23:430][  0]LogD3D11RHI:       8086/0/16363 MB DedicatedVideo/DedicatedSystem/SharedSystem, Outputs:2, VendorId:0x10de
[2018.10.23-20.58.23:432][  0]LogD3D11RHI:    1. 'Microsoft Basic Render Driver' (Feature Level 11_0)
[2018.10.23-20.58.23:432][  0]LogD3D11RHI:       0/0/16363 MB DedicatedVideo/DedicatedSystem/SharedSystem, Outputs:0, VendorId:0x1414
[2018.10.23-20.58.23:432][  0]LogD3D11RHI: Chosen D3D11 Adapter: 0
[2018.10.23-20.58.23:439][  0]LogD3D11RHI: Creating new Direct3DDevice
[2018.10.23-20.58.23:439][  0]LogD3D11RHI:     GPU DeviceId: 0x1b80 (for the marketing name, search the web for "GPU Device Id")
[2018.10.23-20.58.23:439][  0]LogWindows: EnumDisplayDevices:
[2018.10.23-20.58.23:439][  0]LogWindows:    0. 'NVIDIA GeForce GTX 1080' (P:1 D:1)
[2018.10.23-20.58.23:439][  0]LogWindows:    1. 'NVIDIA GeForce GTX 1080' (P:0 D:1)
[2018.10.23-20.58.23:439][  0]LogWindows:    2. 'NVIDIA GeForce GTX 1080' (P:0 D:0)
[2018.10.23-20.58.23:440][  0]LogWindows:    3. 'NVIDIA GeForce GTX 1080' (P:0 D:0)
[2018.10.23-20.58.23:440][  0]LogWindows:    4. 'Mirage Driver' (P:0 D:0)
[2018.10.23-20.58.23:440][  0]LogWindows: DebugString: GetVideoDriverDetailsInvalid PrimaryIsNotTheChoosenAdapter GetVideoDriverDetailsInvalid PrimaryIsNotTheChoosenAdapter GetVideoDriverDetailsInvalid PrimaryIsNotTheChoosenAdapter GetVideoDriverDetailsInvalid PrimaryIsNotTheChoosenAdapter GetVideoDriverDetailsInvalid PrimaryIsNotTheChoosenAdapter FoundDriverCount:0 
[2018.10.23-20.58.23:440][  0]LogD3D11RHI:     Adapter Name: NVIDIA GeForce GTX 1080
[2018.10.23-20.58.23:440][  0]LogD3D11RHI:   Driver Version: Unknown (internal:Unknown, unified:Unknown)
[2018.10.23-20.58.23:440][  0]LogD3D11RHI:      Driver Date: Unknown
[2018.10.23-20.58.23:440][  0]LogRHI: Texture pool is 5660 MB (70% of 8086 MB)
[2018.10.23-20.58.23:459][  0]LogD3D11RHI: [Aftermath] Aftermath enabled but failed to initialize
[2018.10.23-20.58.23:459][  0]LogD3D11RHI: [Aftermath] Aftermath enabled and primed
[2018.10.23-20.58.23:459][  0]LogD3D11RHI: Async texture creation enabled
[2018.10.23-20.58.23:479][  0]LogD3D11RHI: GPU Timing Frequency: 1000.000000 (Debug: 2 1)
[2018.10.23-20.58.23:563][  0]LogShaderCompilers: Guid format shader working directory is -23 characters bigger than the processId version (../../../../../Users/michael.xu7480/Documents/MiniProduction2-ALBERT/DD_YY_MM/Intermediate/Shaders/WorkingDirectory/13956/).
[2018.10.23-20.58.23:563][  0]LogShaderCompilers: Cleaned the shader compiler working directory 'D:/Users/michael.xu7480/AppData/Local/Temp/UnrealShaderWorkingDir/58758587466AE51F76494782E79B0C5D/'.
[2018.10.23-20.58.23:739][  0]LogTemp: Display: Loaded TP AllDesktopTargetPlatform
[2018.10.23-20.58.23:749][  0]LogTemp: Display: Loaded TP MacClientTargetPlatform
[2018.10.23-20.58.23:760][  0]LogTemp: Display: Loaded TP MacNoEditorTargetPlatform
[2018.10.23-20.58.23:771][  0]LogTemp: Display: Loaded TP MacServerTargetPlatform
[2018.10.23-20.58.23:781][  0]LogTemp: Display: Loaded TP MacTargetPlatform
[2018.10.23-20.58.23:792][  0]LogTemp: Display: Loaded TP WindowsClientTargetPlatform
[2018.10.23-20.58.23:803][  0]LogTemp: Display: Loaded TP WindowsNoEditorTargetPlatform
[2018.10.23-20.58.23:813][  0]LogTemp: Display: Loaded TP WindowsServerTargetPlatform
[2018.10.23-20.58.23:818][  0]LogTemp: Display: Loaded TP WindowsTargetPlatform
[2018.10.23-20.58.23:828][  0]LogTemp: Display: Loaded TP Android_ASTCTargetPlatform
[2018.10.23-20.58.23:838][  0]LogTemp: Display: Loaded TP Android_ATCTargetPlatform
[2018.10.23-20.58.23:848][  0]LogTemp: Display: Loaded TP Android_DXTTargetPlatform
[2018.10.23-20.58.23:859][  0]LogTemp: Display: Loaded TP Android_ETC1aTargetPlatform
[2018.10.23-20.58.23:868][  0]LogTemp: Display: Loaded TP Android_ETC1TargetPlatform
[2018.10.23-20.58.23:879][  0]LogTemp: Display: Loaded TP Android_ETC2TargetPlatform
[2018.10.23-20.58.23:899][  0]LogTemp: Display: Loaded TP Android_MultiTargetPlatform
[2018.10.23-20.58.23:899][  0]LogTemp: Display: Loaded TP Android_PVRTCTargetPlatform
[2018.10.23-20.58.23:910][  0]LogTemp: Display: Loaded TP AndroidTargetPlatform
[2018.10.23-20.58.23:910][  0]LogTemp: Display: Loaded TP HTML5TargetPlatform
[2018.10.23-20.58.23:945][  0]LogTemp: Display: Loaded TP IOSTargetPlatform
[2018.10.23-20.58.23:955][  0]LogTemp: Display: Loaded TP TVOSTargetPlatform
[2018.10.23-20.58.23:965][  0]LogTemp: Display: Loaded TP LinuxClientTargetPlatform
[2018.10.23-20.58.23:975][  0]LogTemp: Display: Loaded TP LinuxNoEditorTargetPlatform
[2018.10.23-20.58.23:985][  0]LogTemp: Display: Loaded TP LinuxServerTargetPlatform
[2018.10.23-20.58.23:996][  0]LogTemp: Display: Loaded TP LinuxTargetPlatform
[2018.10.23-20.58.23:996][  0]LogTargetPlatformManager: Display: Building Assets For Windows
[2018.10.23-20.58.24:067][  0]LogXGEController: Cleaning working directory: D:/Users/michael.xu7480/AppData/Local/Temp/UnrealXGEWorkingDir/
[2018.10.23-20.58.24:067][  0]LogXGEController: Cannot use XGE Controller as Incredibuild is not installed on this machine.
[2018.10.23-20.58.24:067][  0]LogShaderCompilers: Cannot use XGE Shader Compiler as Incredibuild is not installed on this machine.
[2018.10.23-20.58.24:067][  0]LogShaderCompilers: Display: Using Local Shader Compiler.
[2018.10.23-20.58.24:589][  0]LogDerivedDataCache: Display: Max Cache Size: 512 MB
[2018.10.23-20.58.24:643][  0]LogDerivedDataCache: Loaded boot cache 0.05s 75MB D:/Users/michael.xu7480/AppData/Local/UnrealEngine/4.19/DerivedDataCache/Boot.ddc.
[2018.10.23-20.58.24:643][  0]LogDerivedDataCache: Display: Loaded Boot cache: D:/Users/michael.xu7480/AppData/Local/UnrealEngine/4.19/DerivedDataCache/Boot.ddc
[2018.10.23-20.58.24:643][  0]LogDerivedDataCache: FDerivedDataBackendGraph:  Pak pak cache file ../../../../../Users/michael.xu7480/Documents/MiniProduction2-ALBERT/DD_YY_MM/DerivedDataCache/DDC.ddp not found, will not use a pak cache.
[2018.10.23-20.58.24:643][  0]LogDerivedDataCache: Unable to find inner node Pak for hierarchical cache Hierarchy.
[2018.10.23-20.58.24:643][  0]LogDerivedDataCache: FDerivedDataBackendGraph:  CompressedPak pak cache file ../../../../../Users/michael.xu7480/Documents/MiniProduction2-ALBERT/DD_YY_MM/DerivedDataCache/Compressed.ddp not found, will not use a pak cache.
[2018.10.23-20.58.24:643][  0]LogDerivedDataCache: Unable to find inner node CompressedPak for hierarchical cache Hierarchy.
[2018.10.23-20.58.24:656][  0]LogDerivedDataCache: Display: Pak cache opened for reading ../../../Engine/DerivedDataCache/Compressed.ddp.
[2018.10.23-20.58.24:668][  0]LogDerivedDataCache: Using Local data cache path D:/Users/michael.xu7480/AppData/Local/UnrealEngine/Common/DerivedDataCache: Writable
[2018.10.23-20.58.24:668][  0]LogDerivedDataCache: Shared data cache path not found in *engine.ini, will not use an Shared cache.
[2018.10.23-20.58.24:668][  0]LogDerivedDataCache: Unable to find inner node Shared for hierarchical cache Hierarchy.
[2018.10.23-20.58.24:677][  0]LogMaterial: Verifying Global Shaders for PCD3D_SM5
[2018.10.23-20.58.24:677][  0]LogSlate: Using Freetype 2.6.0
[2018.10.23-20.58.24:678][  0]LogSlate: SlateFontCache - WITH_FREETYPE: 1, WITH_HARFBUZZ: 1
[2018.10.23-20.58.24:678][  0]LogSlate: SlateFontCache - WITH_FREETYPE: 1, WITH_HARFBUZZ: 1
[2018.10.23-20.58.24:783][  0]LogAssetRegistry: FAssetRegistry took 0.0256 seconds to start up
[2018.10.23-20.58.25:010][  0]LogInit: Selected Device Profile: [Windows]
[2018.10.23-20.58.25:121][  0]LogSimplygon: Simplygon DLL not present - disabling.
[2018.10.23-20.58.25:123][  0]LogMeshReduction: Using SimplygonSwarm for distributed automatic mesh merging
[2018.10.23-20.58.25:123][  0]LogMeshReduction: Using QuadricMeshReduction for automatic static mesh reduction
[2018.10.23-20.58.25:123][  0]LogMeshReduction: No automatic skeletal mesh reduction module available
[2018.10.23-20.58.25:123][  0]LogMeshReduction: No automatic mesh merging module available
[2018.10.23-20.58.25:123][  0]LogMeshMerging: No automatic mesh merging module available
[2018.10.23-20.58.25:148][  0]LogNetVersion: ManagementGame , NetCL: 3944462, EngineNetVer: 2, GameNetVer: 0 (Checksum: 3032856912)
[2018.10.23-20.58.25:519][  0]LogPackageLocalizationCache: Processed 9 localized package path(s) for 2 prioritized culture(s) in 0.046878 seconds
[2018.10.23-20.58.25:523][  0]LogUObjectArray: 36728 objects as part of root set at end of initial load.
[2018.10.23-20.58.25:523][  0]LogUObjectAllocator: 7314304 out of 0 bytes used by permanent object pool.
[2018.10.23-20.58.25:523][  0]LogUObjectArray: CloseDisregardForGC: 0/0 objects in disregard for GC pool
[2018.10.23-20.58.26:889][  0]LogTcpMessaging: Initializing TcpMessaging bridge
[2018.10.23-20.58.26:913][  0]LogUdpMessaging: Initializing bridge on interface 0.0.0.0:0 to multicast group 230.0.0.1:6666.
[2018.10.23-20.58.27:135][  0]LogUObjectGlobals: Created PersistentFrame Addr=0x00000254caeaadb8, Size=24, Default__BP_Player_C Function /Game/Player_Assets/BP_Player.BP_Player_C:ExecuteUbergraph_BP_Player
[2018.10.23-20.58.27:137][  0]LogUObjectGlobals: Created PersistentFrame Addr=0x00000254cad4cdc0, Size=64, Default__Worker_Anim_BP_C Function /Game/Player_Assets/NewFolder/Worker_Anim_BP.Worker_Anim_BP_C:ExecuteUbergraph_Worker_Anim_BP
[2018.10.23-20.58.27:150][  0]LogUObjectGlobals: Destroyed PersistentFrame Addr=0x00000254cad4cdc0, Size=64
[2018.10.23-20.58.27:150][  0]LogUObjectGlobals: Created PersistentFrame Addr=0x00000254cae92b40, Size=64, Default__Worker_Anim_BP_C Function /Engine/Transient.REINST_Worker_Anim_BP_C_0:ExecuteUbergraph_Worker_Anim_BP
[2018.10.23-20.58.27:151][  0]LogUObjectGlobals: Destroyed PersistentFrame Addr=0x00000254caeaadb8, Size=24
[2018.10.23-20.58.27:151][  0]LogUObjectGlobals: Created PersistentFrame Addr=0x00000254caeaadb8, Size=24, Default__BP_Player_C Function /Engine/Transient.REINST_BP_Player_C_3:ExecuteUbergraph_BP_Player
[2018.10.23-20.58.27:155][  0]LogUObjectGlobals: Created PersistentFrame Addr=0x00000254caa97c00, Size=64, Default__Worker_Anim_BP_C Function /Game/Player_Assets/NewFolder/Worker_Anim_BP.Worker_Anim_BP_C:ExecuteUbergraph_Worker_Anim_BP
[2018.10.23-20.58.27:155][  0]LogUObjectGlobals: Created PersistentFrame Addr=0x00000254caed4790, Size=24, Default__BP_Player_C Function /Game/Player_Assets/BP_Player.BP_Player_C:ExecuteUbergraph_BP_Player
[2018.10.23-20.58.27:167][  0]LogSkeletalMesh: Skeletal Mesh found in DDC [0.126578ms] /Game/Player_Assets/NewFolder/MESH_Worker_Rigged.MESH_Worker_Rigged
[2018.10.23-20.58.27:168][  0]LogTemp: Warning: Player Default Class Set Successfully.
[2018.10.23-20.58.27:258][  0]SourceControl: Source control is disabled
[2018.10.23-20.58.27:258][  0]SourceControl: Source control is disabled
[2018.10.23-20.58.27:271][  0]SourceControl: Source control is disabled
[2018.10.23-20.58.27:283][  0]SourceControl: Source control is disabled
[2018.10.23-20.58.27:626][  0]LogAndroidPermission: UAndroidPermissionCallbackProxy::GetInstance
[2018.10.23-20.58.27:715][  0]LogOcInput: OculusInput pre-init called
[2018.10.23-20.58.27:792][  0]LogEngine: Initializing Engine...
[2018.10.23-20.58.27:793][  0]LogHMD: Failed to initialize OpenVR with code 110
[2018.10.23-20.58.27:794][  0]LogStats: UGameplayTagsManager::ConstructGameplayTagTree: Construct from data asset -  0.000 s
[2018.10.23-20.58.27:794][  0]LogStats: UGameplayTagsManager::ConstructGameplayTagTree: GameplayTagTreeChangedEvent.Broadcast -  0.000 s
[2018.10.23-20.58.27:977][  0]LogAIModule: Creating AISystem for world Untitled
[2018.10.23-20.58.28:021][  0]LogInit: XAudio2 using 'Digital Audio (S/PDIF) (High Definition Audio Device)' : 2 channels at 48 kHz using 16 bits per sample (channel mask 0x3)
[2018.10.23-20.58.28:055][  0]LogInit: FAudioDevice initialized.
[2018.10.23-20.58.28:180][  0]LogDerivedDataCache: Saved boot cache 0.12s 75MB D:/Users/michael.xu7480/AppData/Local/UnrealEngine/4.19/DerivedDataCache/Boot.ddc.
[2018.10.23-20.58.28:190][  0]LogInit: Texture streaming: Enabled
[2018.10.23-20.58.28:200][  0]LogEngineSessionManager: EngineSessionManager initialized
[2018.10.23-20.58.28:210][  0]LogInit: Transaction tracking system initialized
[2018.10.23-20.58.28:225][  0]BlueprintLog: New page: Editor Load
[2018.10.23-20.58.28:298][  0]LocalizationService: Localization service is disabled
[2018.10.23-20.58.28:364][  0]LogConsoleResponse: Display: 
[2018.10.23-20.58.28:493][  0]LogCook: Display: Max memory allowance for cook 16384mb min free memory 0mb
[2018.10.23-20.58.28:493][  0]LogCook: Display: Mobile HDR setting 1
[2018.10.23-20.58.28:493][  0]LogGameplayTags: Display: UGameplayTagsManager::DoneAddingNativeTags. DelegateIsBound: 0
[2018.10.23-20.58.28:493][  0]LogStats: UGameplayTagsManager::ConstructGameplayTagTree: Construct from data asset -  0.000 s
[2018.10.23-20.58.28:493][  0]LogStats: UGameplayTagsManager::ConstructGameplayTagTree: GameplayTagTreeChangedEvent.Broadcast -  0.000 s
[2018.10.23-20.58.28:732][  0]LogFileCache: Scanning file cache for directory 'D:/Users/michael.xu7480/Documents/MiniProduction2-ALBERT/DD_YY_MM/Content/' took 0.01s
[2018.10.23-20.58.28:732][  0]SourceControl: Source control is disabled
[2018.10.23-20.58.28:732][  0]Cmd: MAP LOAD FILE="../../../../../Users/michael.xu7480/Documents/MiniProduction2-ALBERT/DD_YY_MM/Content/Maps/Main_Menu_Level/Main_Menu_Level.umap" TEMPLATE=0 SHOWPROGRESS=1 FEATURELEVEL=3
[2018.10.23-20.58.28:732][  0]LightingResults: New page: Lighting Build
[2018.10.23-20.58.28:734][  0]MapCheck: New page: Map Check
[2018.10.23-20.58.28:734][  0]LightingResults: New page: Lighting Build
[2018.10.23-20.58.28:743][  0]LogUObjectGlobals: Destroyed PersistentFrame Addr=0x00000254caeaadb8, Size=24
[2018.10.23-20.58.28:743][  0]LogUObjectGlobals: Destroyed PersistentFrame Addr=0x00000254cae92b40, Size=64
[2018.10.23-20.58.28:753][  0]LogUObjectGlobals: Created PersistentFrame Addr=0x00000254cb84d808, Size=8, Default__CrateDestructible_C Function /Game/Parcel_Assets/Crate/CrateDestructible.CrateDestructible_C:ExecuteUbergraph_CrateDestructible
[2018.10.23-20.58.28:755][  0]LogUObjectGlobals: Destroyed PersistentFrame Addr=0x00000254cb84d808, Size=8
[2018.10.23-20.58.28:755][  0]LogUObjectGlobals: Created PersistentFrame Addr=0x00000254cb84d808, Size=8, Default__CrateDestructible_C Function /Engine/Transient.REINST_CrateDestructible_C_6:ExecuteUbergraph_CrateDestructible
[2018.10.23-20.58.28:756][  0]LogUObjectGlobals: Created PersistentFrame Addr=0x00000254cb84de20, Size=8, Default__CrateDestructible_C Function /Game/Parcel_Assets/Crate/CrateDestructible.CrateDestructible_C:ExecuteUbergraph_CrateDestructible
[2018.10.23-20.58.28:758][  0]LogUObjectGlobals: Created PersistentFrame Addr=0x00000254b16aae70, Size=12, Default__BP_Parcel_Crate_C Function /Game/Parcel_Assets/Crate/BP_Parcel_Crate.BP_Parcel_Crate_C:ExecuteUbergraph_BP_Parcel_Crate
[2018.10.23-20.58.28:759][  0]LogUObjectGlobals: Destroyed PersistentFrame Addr=0x00000254b16aae70, Size=12
[2018.10.23-20.58.28:759][  0]LogUObjectGlobals: Created PersistentFrame Addr=0x00000254b16aae70, Size=12, Default__BP_Parcel_Crate_C Function /Engine/Transient.REINST_BP_Parcel_Crate_C_8:ExecuteUbergraph_BP_Parcel_Crate
[2018.10.23-20.58.28:760][  0]LogUObjectGlobals: Created PersistentFrame Addr=0x00000254b16aae50, Size=12, Default__BP_Parcel_Crate_C Function /Game/Parcel_Assets/Crate/BP_Parcel_Crate.BP_Parcel_Crate_C:ExecuteUbergraph_BP_Parcel_Crate
[2018.10.23-20.58.28:769][  0]LogUObjectGlobals: Created PersistentFrame Addr=0x00000254cb84e040, Size=8, Default__3rdBoxDestructible_C Function /Game/Parcel_Assets/NormalParcel/3rdBoxDestructible.3rdBoxDestructible_C:ExecuteUbergraph_3rdBoxDestructible
[2018.10.23-20.58.28:770][  0]LogUObjectGlobals: Destroyed PersistentFrame Addr=0x00000254cb84e040, Size=8
[2018.10.23-20.58.28:770][  0]LogUObjectGlobals: Created PersistentFrame Addr=0x00000254cb84e040, Size=8, Default__3rdBoxDestructible_C Function /Engine/Transient.REINST_3rdBoxDestructible_C_10:ExecuteUbergraph_3rdBoxDestructible
[2018.10.23-20.58.28:771][  0]LogUObjectGlobals: Created PersistentFrame Addr=0x00000254cb84e160, Size=8, Default__3rdBoxDestructible_C Function /Game/Parcel_Assets/NormalParcel/3rdBoxDestructible.3rdBoxDestructible_C:ExecuteUbergraph_3rdBoxDestructible
[2018.10.23-20.58.28:773][  0]LogUObjectGlobals: Created PersistentFrame Addr=0x00000254b16ab460, Size=12, Default__BP_Normal_Parcel_C Function /Game/Parcel_Assets/NormalParcel/BP_Normal_Parcel.BP_Normal_Parcel_C:ExecuteUbergraph_BP_Normal_Parcel
[2018.10.23-20.58.28:774][  0]LogUObjectGlobals: Destroyed PersistentFrame Addr=0x00000254b16ab460, Size=12
[2018.10.23-20.58.28:774][  0]LogUObjectGlobals: Created PersistentFrame Addr=0x00000254b16ab460, Size=12, Default__BP_Normal_Parcel_C Function /Engine/Transient.REINST_BP_Normal_Parcel_C_12:ExecuteUbergraph_BP_Normal_Parcel
[2018.10.23-20.58.28:775][  0]LogUObjectGlobals: Created PersistentFrame Addr=0x00000254b16ab440, Size=12, Default__BP_Normal_Parcel_C Function /Game/Parcel_Assets/NormalParcel/BP_Normal_Parcel.BP_Normal_Parcel_C:ExecuteUbergraph_BP_Normal_Parcel
[2018.10.23-20.58.28:783][  0]LogUObjectGlobals: Created PersistentFrame Addr=0x00000254cb84d320, Size=8, Default__DestrucibleFragileBox_C Function /Game/Parcel_Assets/Small_Box/DestrucibleFragileBox.DestrucibleFragileBox_C:ExecuteUbergraph_DestrucibleFragileBox
[2018.10.23-20.58.28:784][  0]LogUObjectGlobals: Destroyed PersistentFrame Addr=0x00000254cb84d320, Size=8
[2018.10.23-20.58.28:784][  0]LogUObjectGlobals: Created PersistentFrame Addr=0x00000254cb84d320, Size=8, Default__DestrucibleFragileBox_C Function /Engine/Transient.REINST_DestrucibleFragileBox_C_14:ExecuteUbergraph_DestrucibleFragileBox
[2018.10.23-20.58.28:785][  0]LogUObjectGlobals: Created PersistentFrame Addr=0x00000254cb84d1f8, Size=8, Default__DestrucibleFragileBox_C Function /Game/Parcel_Assets/Small_Box/DestrucibleFragileBox.DestrucibleFragileBox_C:ExecuteUbergraph_DestrucibleFragileBox
[2018.10.23-20.58.28:787][  0]LogUObjectGlobals: Created PersistentFrame Addr=0x00000254b16abab0, Size=12, Default__BP_Parcel_Small_box_C Function /Game/Parcel_Assets/Small_Box/BP_Parcel_Small_box.BP_Parcel_Small_box_C:ExecuteUbergraph_BP_Parcel_Small_box
[2018.10.23-20.58.28:788][  0]LogUObjectGlobals: Destroyed PersistentFrame Addr=0x00000254b16abab0, Size=12
[2018.10.23-20.58.28:788][  0]LogUObjectGlobals: Created PersistentFrame Addr=0x00000254b16abab0, Size=12, Default__BP_Parcel_Small_box_C Function /Engine/Transient.REINST_BP_Parcel_Small_box_C_16:ExecuteUbergraph_BP_Parcel_Small_box
[2018.10.23-20.58.28:789][  0]LogUObjectGlobals: Created PersistentFrame Addr=0x00000254b16aba90, Size=12, Default__BP_Parcel_Small_box_C Function /Game/Parcel_Assets/Small_Box/BP_Parcel_Small_box.BP_Parcel_Small_box_C:ExecuteUbergraph_BP_Parcel_Small_box
[2018.10.23-20.58.28:799][  0]LogUObjectGlobals: Created PersistentFrame Addr=0x00000254b083da80, Size=180, Default__Main_Menu_Truck_C Function /Game/User_Interface/Main_Menu/Main_Menu_Truck.Main_Menu_Truck_C:ExecuteUbergraph_Main_Menu_Truck
[2018.10.23-20.58.28:800][  0]LogUObjectGlobals: Destroyed PersistentFrame Addr=0x00000254b083da80, Size=180
[2018.10.23-20.58.28:800][  0]LogUObjectGlobals: Created PersistentFrame Addr=0x00000254b083da80, Size=180, Default__Main_Menu_Truck_C Function /Engine/Transient.REINST_Main_Menu_Truck_C_20:ExecuteUbergraph_Main_Menu_Truck
[2018.10.23-20.58.28:802][  0]LogUObjectGlobals: Created PersistentFrame Addr=0x00000254b083d3c0, Size=180, Default__Main_Menu_Truck_C Function /Game/User_Interface/Main_Menu/Main_Menu_Truck.Main_Menu_Truck_C:ExecuteUbergraph_Main_Menu_Truck
[2018.10.23-20.58.28:816][  0]LogUObjectGlobals: Created PersistentFrame Addr=0x00000254b085e520, Size=40, Default__Main_Menu_BP_C Function /Game/User_Interface/Main_Menu/Main_Menu_BP.Main_Menu_BP_C:ExecuteUbergraph_Main_Menu_BP
[2018.10.23-20.58.28:826][  0]LogUObjectGlobals: Destroyed PersistentFrame Addr=0x00000254b085e520, Size=40
[2018.10.23-20.58.28:826][  0]LogUObjectGlobals: Created PersistentFrame Addr=0x00000254b085e520, Size=40, Default__Main_Menu_BP_C Function /Engine/Transient.REINST_Main_Menu_BP_C_0:ExecuteUbergraph_Main_Menu_BP
[2018.10.23-20.58.28:833][  0]LogUObjectGlobals: Created PersistentFrame Addr=0x00000254b085e4d0, Size=40, Default__Main_Menu_BP_C Function /Game/User_Interface/Main_Menu/Main_Menu_BP.Main_Menu_BP_C:ExecuteUbergraph_Main_Menu_BP
[2018.10.23-20.58.28:839][  0]LogLinker: Warning: The file '../../../Engine/Content/BasicShapes/BasicShapeMaterial.uasset' contains unrecognizable data, check that it is of the expected type.
[2018.10.23-20.58.28:839][  0]LogLinker: Warning: The file '../../../Engine/Content/BasicShapes/BasicShapeMaterial.uasset' contains unrecognizable data, check that it is of the expected type.
[2018.10.23-20.58.28:839][  0]LogLinker: Warning: The file '../../../Engine/Content/BasicShapes/BasicShapeMaterial.uasset' contains unrecognizable data, check that it is of the expected type.
[2018.10.23-20.58.28:839][  0]LogLinker: Warning: The file '../../../Engine/Content/BasicShapes/BasicShapeMaterial.uasset' contains unrecognizable data, check that it is of the expected type.
[2018.10.23-20.58.28:848][  0]LogUObjectGlobals: Created PersistentFrame Addr=0x00000254b03d3040, Size=416, Default__Main_Menu_Level_C Function /Game/Maps/Main_Menu_Level/Main_Menu_Level.Main_Menu_Level_C:ExecuteUbergraph_Main_Menu_Level
[2018.10.23-20.58.28:848][  0]LogLinker: Warning: The file '../../../Engine/Content/BasicShapes/BasicShapeMaterial.uasset' contains unrecognizable data, check that it is of the expected type.
[2018.10.23-20.58.28:848][  0]LogLinker: Warning: The file '../../../Engine/Content/BasicShapes/BasicShapeMaterial.uasset' contains unrecognizable data, check that it is of the expected type.
[2018.10.23-20.58.28:849][  0]LogLinker: Warning: The file '../../../Engine/Content/BasicShapes/BasicShapeMaterial.uasset' contains unrecognizable data, check that it is of the expected type.
[2018.10.23-20.58.28:849][  0]LogLinker: Warning: The file '../../../Engine/Content/BasicShapes/BasicShapeMaterial.uasset' contains unrecognizable data, check that it is of the expected type.
[2018.10.23-20.58.28:855][  0]LogUObjectGlobals: Destroyed PersistentFrame Addr=0x00000254b03d3040, Size=416
[2018.10.23-20.58.28:855][  0]LogUObjectGlobals: Created PersistentFrame Addr=0x00000254b03d3040, Size=416, Default__Main_Menu_Level_C Function /Engine/Transient.REINST_Main_Menu_Level_C_23:ExecuteUbergraph_Main_Menu_Level
[2018.10.23-20.58.28:861][  0]LogUObjectGlobals: Created PersistentFrame Addr=0x00000254b03d25c0, Size=416, Default__Main_Menu_Level_C Function /Game/Maps/Main_Menu_Level/Main_Menu_Level.Main_Menu_Level_C:ExecuteUbergraph_Main_Menu_Level
[2018.10.23-20.58.28:865][  0]LogLinker: Warning: The file '../../../Engine/Content/BasicShapes/BasicShapeMaterial.uasset' contains unrecognizable data, check that it is of the expected type.
[2018.10.23-20.58.28:865][  0]LogLinker: Warning: The file '../../../Engine/Content/BasicShapes/BasicShapeMaterial.uasset' contains unrecognizable data, check that it is of the expected type.
[2018.10.23-20.58.28:957][  0]LogSkeletalMesh: Skeletal Mesh found in DDC [0.292409ms] /Game/Parcel_Assets/Small_Box/Fragile_Box_2_0_DM.Fragile_Box_2_0_DM
[2018.10.23-20.58.28:962][  0]LogSkeletalMesh: Skeletal Mesh found in DDC [0.270506ms] /Game/Parcel_Assets/NormalParcel/3rd_box_DM.3rd_box_DM
[2018.10.23-20.58.28:963][  0]LogSkeletalMesh: Skeletal Mesh found in DDC [0.928141ms] /Game/Parcel_Assets/Crate/Crate_DM.Crate_DM
[2018.10.23-20.58.28:969][  0]LogAIModule: Creating AISystem for world Main_Menu_Level
[2018.10.23-20.58.28:975][  0]LogEditorServer: Finished looking for orphan Actors (0.000 secs)
[2018.10.23-20.58.28:985][  0]LogUObjectGlobals: Destroyed PersistentFrame Addr=0x00000254b16aae70, Size=12
[2018.10.23-20.58.28:985][  0]LogUObjectGlobals: Destroyed PersistentFrame Addr=0x00000254cb84d808, Size=8
[2018.10.23-20.58.28:985][  0]LogUObjectGlobals: Destroyed PersistentFrame Addr=0x00000254cb84e040, Size=8
[2018.10.23-20.58.28:985][  0]LogUObjectGlobals: Destroyed PersistentFrame Addr=0x00000254b16ab460, Size=12
[2018.10.23-20.58.28:985][  0]LogUObjectGlobals: Destroyed PersistentFrame Addr=0x00000254cb84d320, Size=8
[2018.10.23-20.58.28:985][  0]LogUObjectGlobals: Destroyed PersistentFrame Addr=0x00000254b16abab0, Size=12
[2018.10.23-20.58.28:985][  0]LogUObjectGlobals: Destroyed PersistentFrame Addr=0x00000254b083da80, Size=180
[2018.10.23-20.58.28:985][  0]LogUObjectGlobals: Destroyed PersistentFrame Addr=0x00000254b085e520, Size=40
[2018.10.23-20.58.28:985][  0]LogUObjectGlobals: Destroyed PersistentFrame Addr=0x00000254b03d3040, Size=416
[2018.10.23-20.58.28:986][  0]Cmd: MAP CHECKDEP NOCLEARLOG
[2018.10.23-20.58.29:028][  0]MapCheck: Map check complete: 0 Error(s), 0 Warning(s), took 42.607ms to complete.
[2018.10.23-20.58.29:028][  0]LogFileHelpers: Loading map 'Main_Menu_Level' took 0.297
[2018.10.23-20.58.29:143][  0]LogCollectionManager: Loaded 0 collections in 0.000717 seconds
[2018.10.23-20.58.29:183][  0]LogFileCache: Scanning file cache for directory 'D:/Users/michael.xu7480/Documents/MiniProduction2-ALBERT/DD_YY_MM/Saved/Collections/' took 0.01s
[2018.10.23-20.58.29:183][  0]LogFileCache: Scanning file cache for directory 'D:/Users/michael.xu7480/Documents/MiniProduction2-ALBERT/DD_YY_MM/Content/Developers/michaelxu7480/Collections/' took 0.01s
[2018.10.23-20.58.29:183][  0]LogFileCache: Scanning file cache for directory 'D:/Users/michael.xu7480/Documents/MiniProduction2-ALBERT/DD_YY_MM/Content/Collections/' took 0.01s
[2018.10.23-20.58.29:183][  0]LogCollectionManager: Rebuilt the GUID cache for 0 collections in 0.000000 seconds
[2018.10.23-20.58.29:191][  0]LogContentBrowser: Native class hierarchy populated in 0.0074 seconds. Added 2469 classes and 565 folders.
[2018.10.23-20.58.29:195][  0]LogContentBrowser: Native class hierarchy updated for 'WidgetCarousel' in 0.0003 seconds. Added 0 classes and 0 folders.
[2018.10.23-20.58.29:223][  0]LogContentBrowser: Native class hierarchy updated for 'AddContentDialog' in 0.0004 seconds. Added 0 classes and 0 folders.
[2018.10.23-20.58.29:227][  0]LogContentBrowser: Native class hierarchy updated for 'SceneOutliner' in 0.0004 seconds. Added 1 classes and 2 folders.
[2018.10.23-20.58.29:242][  0]LogSlate: Took 0.000222 seconds to synchronously load lazily loaded font '../../../Engine/Content/Slate/Fonts/Roboto-Regular.ttf' (155K)
[2018.10.23-20.58.29:244][  0]LogSlate: Took 0.000230 seconds to synchronously load lazily loaded font '../../../Engine/Content/Slate/Fonts/Roboto-Bold.ttf' (160K)
[2018.10.23-20.58.29:249][  0]LogSlate: Took 0.000280 seconds to synchronously load lazily loaded font '../../../Engine/Content/Editor/Slate/Fonts/FontAwesome.ttf' (139K)
[2018.10.23-20.58.29:327][  0]LogRenderer: Reallocating scene render targets to support 1208x580 Format 10 NumSamples 1 (Frame:1).
[2018.10.23-20.58.29:442][  0]LogSlate: FSceneViewport::OnFocusLost() reason 2
[2018.10.23-20.58.29:458][  0]LogSlate: Window 'Tutorials' being destroyed
[2018.10.23-20.58.29:485][  0]LogContentBrowser: Native class hierarchy updated for 'HierarchicalLODOutliner' in 0.0004 seconds. Added 0 classes and 0 folders.
[2018.10.23-20.58.29:485][  0]LogLoad: (Engine Initialization) Total time: 8.55 seconds
[2018.10.23-20.58.29:485][  0]LogLoad: (Engine Initialization) Total Blueprint compile time: 0.00 seconds
[2018.10.23-20.58.29:840][  0]LogAssetRegistry: Asset discovery search completed in 5.0791 seconds
[2018.10.23-20.58.29:841][  0]LogCollectionManager: Rebuilt the object cache for 0 collections in 0.000000 seconds (found 0 objects)
[2018.10.23-20.58.29:842][  0]LogCollectionManager: Fixed up redirectors for 0 collections in 0.000037 seconds (updated 0 objects)
[2018.10.23-20.58.29:844][  0]LogContentStreaming: Texture pool size now 1000 MB
[2018.10.23-20.58.29:872][  0]LogSlate: Took 0.000253 seconds to synchronously load lazily loaded font '../../../Engine/Content/Slate/Fonts/Roboto-Light.ttf' (167K)
[2018.10.23-20.58.32:490][  8]LogSlate: FSceneViewport::OnFocusLost() reason 0
[2018.10.23-20.58.33:446][110]LogVSAccessor: Warning: Couldn't access Visual Studio
[2018.10.23-20.58.33:471][110]Candidate modules for hot reload:
[2018.10.23-20.58.33:471][110]  ManagementGame
[2018.10.23-20.58.33:471][110]Launching UnrealBuildTool... [D:/Epic/UE_4.19/Engine/Binaries/DotNET/UnrealBuildTool.exe ManagementGame -ModuleWithSuffix=ManagementGame,2679 Win64 Development -editorrecompile -canskiplink "D:/Users/michael.xu7480/Documents/MiniProduction2-ALBERT/DD_YY_MM/ManagementGame.uproject" ]
[2018.10.23-20.58.33:473][110]Warning: Starting HotReload took  0.0s.
[2018.10.23-20.58.50:904][179]CompilerResultsLog: New page: Compilation - Oct 24, 2018, 10:58:50 PM
[2018.10.23-20.58.50:910][179]CompilerResultsLog: Performing full C++ include scan (hot reloading a new target)
[2018.10.23-20.58.50:910][179]CompilerResultsLog: Using 'git status' to determine working set for adaptive non-unity build.
[2018.10.23-20.58.50:910][179]CompilerResultsLog: Creating makefile for hot reloading ManagementGame (no existing makefile)
[2018.10.23-20.58.50:910][179]CompilerResultsLog: Compiling game modules for hot reload
[2018.10.23-20.58.50:910][179]CompilerResultsLog: Parsing headers for ManagementGameEditor
[2018.10.23-20.58.50:910][179]CompilerResultsLog:   Running UnrealHeaderTool "D:\Users\michael.xu7480\Documents\MiniProduction2-ALBERT\DD_YY_MM\ManagementGame.uproject" "D:\Users\michael.xu7480\Documents\MiniProduction2-ALBERT\DD_YY_MM\Intermediate\Build\Win64\ManagementGameEditor\Development\ManagementGameEditor.uhtmanifest" -LogCmds="loginit warning, logexit warning, logdatabase error" -Unattended -WarningsAsErrors -installed
[2018.10.23-20.58.50:910][179]CompilerResultsLog: Reflection code generated for ManagementGameEditor in 8.1659433 seconds
[2018.10.23-20.58.50:910][179]CompilerResultsLog: Performing 20 actions (4 in parallel)
[2018.10.23-20.58.50:910][179]CompilerResultsLog: ManagementGamePlayerController.gen.cpp
[2018.10.23-20.58.50:910][179]CompilerResultsLog: BoxMechanics.gen.cpp
[2018.10.23-20.58.50:910][179]CompilerResultsLog: ManagementGameGameMode.gen.cpp
[2018.10.23-20.58.50:910][179]CompilerResultsLog: ManagementGameCharacter.gen.cpp
[2018.10.23-20.58.50:910][179]CompilerResultsLog: ItemBin.gen.cpp
[2018.10.23-20.58.50:910][179]CompilerResultsLog: ManagementGame.init.gen.cpp
[2018.10.23-20.58.50:910][179]CompilerResultsLog: ConveyorBeltMechanics.gen.cpp
[2018.10.23-20.58.50:910][179]CompilerResultsLog: ParcelGrabber.cpp
[2018.10.23-20.58.50:910][179]CompilerResultsLog: MyPawn.cpp
[2018.10.23-20.58.50:910][179]CompilerResultsLog: ManagementGamePlayerController.cpp
[2018.10.23-20.58.50:910][179]CompilerResultsLog: ManagementGameGameMode.cpp
[2018.10.23-20.58.50:910][179]CompilerResultsLog: ManagementGameCharacter.cpp
[2018.10.23-20.58.50:910][179]CompilerResultsLog: Error: D:\Users\michael.xu7480\Documents\MiniProduction2-ALBERT\DD_YY_MM\Source\ManagementGame\ParcelGrabber.cpp(126) : warning C4996: 'UPhysicsHandleComponent::GrabComponent': Please use GrabComponentAtLocation or GrabComponentAtLocationWithRotation Please update your code to the new API before upgrading to the next release, otherwise your project will no longer compile.
[2018.10.23-20.58.50:910][179]CompilerResultsLog: Error: D:\Epic\UE_4.19\Engine\Source\Runtime\Engine\Classes\PhysicsEngine/PhysicsHandleComponent.h(89) : note: see declaration of 'UPhysicsHandleComponent::GrabComponent'
[2018.10.23-20.58.50:910][179]CompilerResultsLog: ManagementGame.cpp
[2018.10.23-20.58.50:910][179]CompilerResultsLog: ItemBin.cpp
[2018.10.23-20.58.50:910][179]CompilerResultsLog: ConveyorBeltMechanics.cpp
[2018.10.23-20.58.50:910][179]CompilerResultsLog: MyPawn.gen.cpp
[2018.10.23-20.58.50:910][179]CompilerResultsLog: BoxMechanics.cpp
[2018.10.23-20.58.50:910][179]CompilerResultsLog: ParcelGrabber.gen.cpp
[2018.10.23-20.58.50:910][179]CompilerResultsLog: [19/20] Link UE4Editor-ManagementGame-2679.dll
[2018.10.23-20.58.50:910][179]CompilerResultsLog: [20/20] Link UE4Editor-ManagementGame-2679.lib
[2018.10.23-20.58.50:910][179]CompilerResultsLog:    Creating library D:\Users\michael.xu7480\Documents\MiniProduction2-ALBERT\DD_YY_MM\Intermediate\Build\Win64\UE4Editor\Development\UE4Editor-ManagementGame-2679.lib and object D:\Users\michael.xu7480\Documents\MiniProduction2-ALBERT\DD_YY_MM\Intermediate\Build\Win64\UE4Editor\Development\UE4Editor-ManagementGame-2679.exp
[2018.10.23-20.58.50:910][179]CompilerResultsLog:    Creating library D:\Users\michael.xu7480\Documents\MiniProduction2-ALBERT\DD_YY_MM\Intermediate\Build\Win64\UE4Editor\Development\UE4Editor-ManagementGame-2679.suppressed.lib and object D:\Users\michael.xu7480\Documents\MiniProduction2-ALBERT\DD_YY_MM\Intermediate\Build\Win64\UE4Editor\Development\UE4Editor-ManagementGame-2679.suppressed.exp
[2018.10.23-20.58.50:910][179]CompilerResultsLog: Total build time: 17.21 seconds (Local executor: 4.73 seconds)
[2018.10.23-20.58.50:916][179]LogMainFrame: MainFrame: Module compiling took 17.470 seconds
[2018.10.23-20.58.50:942][179]LogClass: EBinType HotReload.
[2018.10.23-20.58.50:944][179]LogTemp: Warning: Player Default Class Set Successfully.
[2018.10.23-20.58.50:945][179]LogContentBrowser: Native class hierarchy updated for 'ManagementGame' in 0.0004 seconds. Added 8 classes and 2 folders.
[2018.10.23-20.58.50:946][179]Display: HotReload successful (3 functions remapped  0 scriptstructs remapped)
[2018.10.23-20.58.51:147][179]LogContentBrowser: Native class hierarchy populated in 0.0077 seconds. Added 2470 classes and 567 folders.
[2018.10.23-20.58.51:170][179]Display: HotReload took 17.7s.
[2018.10.23-21.03.34:300][ 70]LogSlate: FSceneViewport::OnFocusLost() reason 0
[2018.10.23-21.03.34:421][ 80]LogSlate: Window 'ManagementGame - Unreal Editor' being destroyed
[2018.10.23-21.03.34:422][ 80]LogWindowsTextInputMethodSystem: Display: IME system now deactivated.
[2018.10.23-21.03.34:422][ 80]LogWindowsTextInputMethodSystem: Display: IME system now deactivated.
[2018.10.23-21.03.34:564][ 81]Cmd: QUIT_EDITOR
[2018.10.23-21.03.34:584][ 81]LogSlate: Slate User Destroyed.  User Index 0, Is Virtual User: 0
[2018.10.23-21.03.34:584][ 81]LogExit: Preparing to exit.
[2018.10.23-21.03.35:024][ 81]LogDirectoryWatcher: A directory notification for 'D:/Users/michael.xu7480/Documents/MiniProduction2-ALBERT/DD_YY_MM/Content/' was aborted.
[2018.10.23-21.03.35:036][ 81]LogUObjectGlobals: Destroyed PersistentFrame Addr=0x00000254b16aae50, Size=12
[2018.10.23-21.03.35:036][ 81]LogUObjectGlobals: Destroyed PersistentFrame Addr=0x00000254cb84de20, Size=8
[2018.10.23-21.03.35:036][ 81]LogUObjectGlobals: Destroyed PersistentFrame Addr=0x00000254caa97c00, Size=64
[2018.10.23-21.03.35:036][ 81]LogUObjectGlobals: Destroyed PersistentFrame Addr=0x00000254caed4790, Size=24
[2018.10.23-21.03.35:037][ 81]LogExit: Editor shut down
[2018.10.23-21.03.35:040][ 81]LogExit: Transaction tracking system shut down
[2018.10.23-21.03.35:040][ 81]LogUObjectGlobals: Destroyed PersistentFrame Addr=0x00000254cb84e160, Size=8
[2018.10.23-21.03.35:040][ 81]LogUObjectGlobals: Destroyed PersistentFrame Addr=0x00000254b16ab440, Size=12
[2018.10.23-21.03.35:040][ 81]LogUObjectGlobals: Destroyed PersistentFrame Addr=0x00000254cb84d1f8, Size=8
[2018.10.23-21.03.35:040][ 81]LogUObjectGlobals: Destroyed PersistentFrame Addr=0x00000254b16aba90, Size=12
[2018.10.23-21.03.35:040][ 81]LogUObjectGlobals: Destroyed PersistentFrame Addr=0x00000254b083d3c0, Size=180
[2018.10.23-21.03.35:041][ 81]LogUObjectGlobals: Destroyed PersistentFrame Addr=0x00000254b085e4d0, Size=40
[2018.10.23-21.03.35:045][ 81]LogUObjectGlobals: Destroyed PersistentFrame Addr=0x00000254b03d25c0, Size=416
[2018.10.23-21.03.35:232][ 81]LogDirectoryWatcher: A directory notification for '../../../Engine/Content/' was aborted.
[2018.10.23-21.03.35:232][ 81]LogDirectoryWatcher: A directory notification for '../../../../../Users/michael.xu7480/Documents/MiniProduction2-ALBERT/DD_YY_MM/Content/' was aborted.
[2018.10.23-21.03.35:232][ 81]LogDirectoryWatcher: A directory notification for '../../Plugins/2D/Paper2D/Content/' was aborted.
[2018.10.23-21.03.35:232][ 81]LogDirectoryWatcher: A directory notification for '../../Plugins/Enterprise/DatasmithContent/Content/' was aborted.
[2018.10.23-21.03.35:232][ 81]LogDirectoryWatcher: A directory notification for '../../Plugins/Media/MediaCompositing/Content/' was aborted.
[2018.10.23-21.03.35:233][ 81]LogDirectoryWatcher: A directory notification for '../../Plugins/Runtime/AppleARKit/Content/' was aborted.
[2018.10.23-21.03.35:233][ 81]LogDirectoryWatcher: A directory notification for '../../Plugins/Runtime/Oculus/OculusVR/Content/' was aborted.
[2018.10.23-21.03.35:233][ 81]LogDirectoryWatcher: A directory notification for '../../Plugins/Runtime/Steam/SteamVR/Content/' was aborted.
[2018.10.23-21.03.35:269][ 81]LogExit: Object subsystem successfully closed.
[2018.10.23-21.03.35:283][ 81]LogShaderCompilers: Display: Shaders left to compile 0
[2018.10.23-21.03.35:286][ 81]LogD3D11RHI: Shutdown
[2018.10.23-21.03.35:286][ 81]LogD3D11RHI: CleanupD3DDevice
[2018.10.23-21.03.35:287][ 81]LogD3D11RHI: ~FD3D11DynamicRHI
[2018.10.23-21.03.35:293][ 81]LogModuleManager: Shutting down and abandoning module ManagementGame (581)
[2018.10.23-21.03.35:293][ 81]LogModuleManager: Shutting down and abandoning module HierarchicalLODOutliner (580)
[2018.10.23-21.03.35:293][ 81]LogModuleManager: Shutting down and abandoning module DesktopPlatform (578)
[2018.10.23-21.03.35:293][ 81]LogModuleManager: Shutting down and abandoning module SceneOutliner (576)
[2018.10.23-21.03.35:293][ 81]LogModuleManager: Shutting down and abandoning module AddContentDialog (574)
[2018.10.23-21.03.35:293][ 81]LogDirectoryWatcher: A directory notification for 'D:/Epic/UE_4.19/FeaturePacks/' was aborted.
[2018.10.23-21.03.35:294][ 81]LogModuleManager: Shutting down and abandoning module WidgetCarousel (573)
[2018.10.23-21.03.35:294][ 81]LogModuleManager: Shutting down and abandoning module EditorWidgets (570)
[2018.10.23-21.03.35:294][ 81]LogModuleManager: Shutting down and abandoning module CollectionManager (568)
[2018.10.23-21.03.35:294][ 81]LogDirectoryWatcher: A directory notification for 'D:/Users/michael.xu7480/Documents/MiniProduction2-ALBERT/DD_YY_MM/Content/Collections/' was aborted.
[2018.10.23-21.03.35:295][ 81]LogDirectoryWatcher: A directory notification for 'D:/Users/michael.xu7480/Documents/MiniProduction2-ALBERT/DD_YY_MM/Content/Developers/michaelxu7480/Collections/' was aborted.
[2018.10.23-21.03.35:295][ 81]LogDirectoryWatcher: A directory notification for 'D:/Users/michael.xu7480/Documents/MiniProduction2-ALBERT/DD_YY_MM/Saved/Collections/' was aborted.
[2018.10.23-21.03.35:295][ 81]LogModuleManager: Shutting down and abandoning module StatsViewer (566)
[2018.10.23-21.03.35:295][ 81]LogModuleManager: Shutting down and abandoning module FoliageEdit (564)
[2018.10.23-21.03.35:295][ 81]LogModuleManager: Shutting down and abandoning module LandscapeEditor (562)
[2018.10.23-21.03.35:295][ 81]LogModuleManager: Shutting down and abandoning module MeshPaintMode (560)
[2018.10.23-21.03.35:295][ 81]LogModuleManager: Shutting down and abandoning module SceneDepthPickerMode (558)
[2018.10.23-21.03.35:295][ 81]LogModuleManager: Shutting down and abandoning module ActorPickerMode (556)
[2018.10.23-21.03.35:295][ 81]LogModuleManager: Shutting down and abandoning module GeometryMode (554)
[2018.10.23-21.03.35:295][ 81]LogModuleManager: Shutting down and abandoning module TextureAlignMode (552)
[2018.10.23-21.03.35:295][ 81]LogModuleManager: Shutting down and abandoning module BspMode (550)
[2018.10.23-21.03.35:295][ 81]LogModuleManager: Shutting down and abandoning module PIEPreviewDeviceProfileSelector (548)
[2018.10.23-21.03.35:295][ 81]LogModuleManager: Shutting down and abandoning module HardwareSurvey (546)
[2018.10.23-21.03.35:295][ 81]LogModuleManager: Shutting down and abandoning module SequenceRecorderSections (544)
[2018.10.23-21.03.35:295][ 81]LogModuleManager: Shutting down and abandoning module AutomationWorker (542)
[2018.10.23-21.03.35:295][ 81]LogModuleManager: Shutting down and abandoning module AudioCaptureEditor (540)
[2018.10.23-21.03.35:295][ 81]LogModuleManager: Shutting down and abandoning module SequenceRecorder (539)
[2018.10.23-21.03.35:295][ 81]LogModuleManager: Shutting down and abandoning module MatineeToLevelSequence (536)
[2018.10.23-21.03.35:295][ 81]LogModuleManager: Shutting down and abandoning module LevelSequenceEditor (534)
[2018.10.23-21.03.35:295][ 81]LogModuleManager: Shutting down and abandoning module PlacementMode (533)
[2018.10.23-21.03.35:295][ 81]LogModuleManager: Shutting down and abandoning module MaterialEditor (532)
[2018.10.23-21.03.35:295][ 81]LogModuleManager: Shutting down and abandoning module WmfMediaFactory (528)
[2018.10.23-21.03.35:295][ 81]LogModuleManager: Shutting down and abandoning module WmfMediaEditor (526)
[2018.10.23-21.03.35:295][ 81]LogModuleManager: Shutting down and abandoning module MediaPlayerEditor (524)
[2018.10.23-21.03.35:295][ 81]LogModuleManager: Shutting down and abandoning module OpenExrWrapper (522)
[2018.10.23-21.03.35:295][ 81]LogModuleManager: Shutting down and abandoning module ImgMediaFactory (520)
[2018.10.23-21.03.35:295][ 81]LogModuleManager: Shutting down and abandoning module ImgMediaEditor (518)
[2018.10.23-21.03.35:295][ 81]LogModuleManager: Shutting down and abandoning module AvfMediaFactory (516)
[2018.10.23-21.03.35:295][ 81]LogModuleManager: Shutting down and abandoning module AvfMediaEditor (514)
[2018.10.23-21.03.35:295][ 81]LogModuleManager: Shutting down and abandoning module AndroidMediaFactory (512)
[2018.10.23-21.03.35:295][ 81]LogModuleManager: Shutting down and abandoning module AndroidMediaEditor (510)
[2018.10.23-21.03.35:295][ 81]LogModuleManager: Shutting down and abandoning module CharacterAI (508)
[2018.10.23-21.03.35:295][ 81]LogModuleManager: Shutting down and abandoning module SmartSnapping (506)
[2018.10.23-21.03.35:295][ 81]LogModuleManager: Shutting down and abandoning module SessionServices (504)
[2018.10.23-21.03.35:295][ 81]LogModuleManager: Shutting down and abandoning module ViewportSnapping (502)
[2018.10.23-21.03.35:295][ 81]LogModuleManager: Shutting down and abandoning module ViewportInteraction (500)
[2018.10.23-21.03.35:295][ 81]LogModuleManager: Shutting down and abandoning module ClothPainter (498)
[2018.10.23-21.03.35:295][ 81]LogModuleManager: Shutting down and abandoning module SkeletalMeshEditor (497)
[2018.10.23-21.03.35:295][ 81]LogModuleManager: Shutting down and abandoning module LogVisualizer (494)
[2018.10.23-21.03.35:296][ 81]LogModuleManager: Shutting down and abandoning module IntroTutorials (492)
[2018.10.23-21.03.35:296][ 81]LogModuleManager: Shutting down and abandoning module GameProjectGeneration (491)
[2018.10.23-21.03.35:296][ 81]LogModuleManager: Shutting down and abandoning module IOSPlatformEditor (488)
[2018.10.23-21.03.35:296][ 81]LogModuleManager: Shutting down and abandoning module HTML5PlatformEditor (486)
[2018.10.23-21.03.35:296][ 81]LogModuleManager: Shutting down and abandoning module AndroidPlatformEditor (484)
[2018.10.23-21.03.35:296][ 81]LogModuleManager: Shutting down and abandoning module AndroidDeviceDetection (483)
[2018.10.23-21.03.35:438][ 81]LogModuleManager: Shutting down and abandoning module WindowsPlatformEditor (480)
[2018.10.23-21.03.35:438][ 81]LogModuleManager: Shutting down and abandoning module IOSRuntimeSettings (478)
[2018.10.23-21.03.35:438][ 81]LogModuleManager: Shutting down and abandoning module AndroidRuntimeSettings (476)
[2018.10.23-21.03.35:438][ 81]LogModuleManager: Shutting down and abandoning module InputBindingEditor (474)
[2018.10.23-21.03.35:438][ 81]LogModuleManager: Shutting down and abandoning module MergeActors (472)
[2018.10.23-21.03.35:438][ 81]LogModuleManager: Shutting down and abandoning module LocalizationDashboard (470)
[2018.10.23-21.03.35:438][ 81]LogModuleManager: Shutting down and abandoning module LocalizationService (469)
[2018.10.23-21.03.35:438][ 81]LogModuleManager: Shutting down and abandoning module HardwareTargeting (466)
[2018.10.23-21.03.35:438][ 81]LogModuleManager: Shutting down and abandoning module DeviceProfileEditor (464)
[2018.10.23-21.03.35:438][ 81]LogModuleManager: Shutting down and abandoning module UndoHistory (462)
[2018.10.23-21.03.35:438][ 81]LogModuleManager: Shutting down and abandoning module XmlParser (460)
[2018.10.23-21.03.35:438][ 81]LogModuleManager: Shutting down and abandoning module Blutility (458)
[2018.10.23-21.03.35:438][ 81]LogModuleManager: Shutting down and abandoning module ProjectSettingsViewer (456)
[2018.10.23-21.03.35:438][ 81]LogModuleManager: Shutting down and abandoning module ProjectTargetPlatformEditor (455)
[2018.10.23-21.03.35:438][ 81]LogModuleManager: Shutting down and abandoning module EditorSettingsViewer (452)
[2018.10.23-21.03.35:438][ 81]LogModuleManager: Shutting down and abandoning module SettingsEditor (450)
[2018.10.23-21.03.35:438][ 81]LogModuleManager: Shutting down and abandoning module ProjectLauncher (448)
[2018.10.23-21.03.35:438][ 81]LogModuleManager: Shutting down and abandoning module SessionFrontend (446)
[2018.10.23-21.03.35:439][ 81]LogModuleManager: Shutting down and abandoning module ProfilerClient (444)
[2018.10.23-21.03.35:439][ 81]LogModuleManager: Shutting down and abandoning module DeviceManager (442)
[2018.10.23-21.03.35:439][ 81]LogModuleManager: Shutting down and abandoning module TargetDeviceServices (441)
[2018.10.23-21.03.35:501][ 81]LogModuleManager: Shutting down and abandoning module AutomationController (438)
[2018.10.23-21.03.35:501][ 81]LogModuleManager: Shutting down and abandoning module AutomationWindow (436)
[2018.10.23-21.03.35:501][ 81]LogModuleManager: Shutting down and abandoning module Layers (434)
[2018.10.23-21.03.35:501][ 81]LogModuleManager: Shutting down and abandoning module ComponentVisualizers (432)
[2018.10.23-21.03.35:501][ 81]LogModuleManager: Shutting down and abandoning module DetailCustomizations (430)
[2018.10.23-21.03.35:501][ 81]LogModuleManager: Shutting down and abandoning module PackagesDialog (428)
[2018.10.23-21.03.35:501][ 81]LogModuleManager: Shutting down and abandoning module Persona (426)
[2018.10.23-21.03.35:501][ 81]LogModuleManager: Shutting down and abandoning module AdvancedPreviewScene (425)
[2018.10.23-21.03.35:501][ 81]LogModuleManager: Shutting down and abandoning module AnimGraph (423)
[2018.10.23-21.03.35:501][ 81]LogModuleManager: Shutting down and abandoning module Kismet (420)
[2018.10.23-21.03.35:501][ 81]LogModuleManager: Shutting down and abandoning module GraphEditor (418)
[2018.10.23-21.03.35:501][ 81]LogModuleManager: Shutting down and abandoning module ClassViewer (416)
[2018.10.23-21.03.35:501][ 81]LogModuleManager: Shutting down and abandoning module Toolbox (414)
[2018.10.23-21.03.35:501][ 81]LogModuleManager: Shutting down and abandoning module ModuleUI (412)
[2018.10.23-21.03.35:501][ 81]LogModuleManager: Shutting down and abandoning module MovieSceneTools (410)
[2018.10.23-21.03.35:501][ 81]LogModuleManager: Shutting down and abandoning module OutputLog (408)
[2018.10.23-21.03.35:501][ 81]LogModuleManager: Shutting down and abandoning module GammaUI (406)
[2018.10.23-21.03.35:501][ 81]LogModuleManager: Shutting down and abandoning module Documentation (404)
[2018.10.23-21.03.35:501][ 81]LogModuleManager: Shutting down and abandoning module MovieSceneTracks (402)
[2018.10.23-21.03.35:501][ 81]LogModuleManager: Shutting down and abandoning module MovieScene (400)
[2018.10.23-21.03.35:501][ 81]LogModuleManager: Shutting down and abandoning module StreamingPauseRendering (398)
[2018.10.23-21.03.35:501][ 81]LogModuleManager: Shutting down and abandoning module LauncherPlatform (396)
[2018.10.23-21.03.35:501][ 81]LogModuleManager: Shutting down and abandoning module AnalyticsET (394)
[2018.10.23-21.03.35:501][ 81]LogModuleManager: Shutting down and abandoning module PortalServices (392)
[2018.10.23-21.03.35:501][ 81]LogModuleManager: Shutting down and abandoning module PortalRpc (390)
[2018.10.23-21.03.35:501][ 81]LogModuleManager: Shutting down and abandoning module MessagingRpc (388)
[2018.10.23-21.03.35:501][ 81]LogModuleManager: Shutting down and abandoning module AIModule (386)
[2018.10.23-21.03.35:501][ 81]LogModuleManager: Shutting down and abandoning module GameplayDebugger (385)
[2018.10.23-21.03.35:501][ 81]LogModuleManager: Shutting down and abandoning module AITestSuite (383)
[2018.10.23-21.03.35:502][ 81]LogModuleManager: Shutting down and abandoning module ProfilerService (380)
[2018.10.23-21.03.35:648][ 81]LogModuleManager: Shutting down and abandoning module TaskGraph (378)
[2018.10.23-21.03.35:648][ 81]LogModuleManager: Shutting down and abandoning module SteamVRController (376)
[2018.10.23-21.03.35:648][ 81]LogModuleManager: Shutting down and abandoning module ProceduralMeshComponentEditor (374)
[2018.10.23-21.03.35:648][ 81]LogModuleManager: Shutting down and abandoning module ProceduralMeshComponent (372)
[2018.10.23-21.03.35:648][ 81]LogModuleManager: Shutting down and abandoning module OculusInput (370)
[2018.10.23-21.03.35:648][ 81]LogModuleManager: Shutting down and abandoning module MobilePatchingUtils (368)
[2018.10.23-21.03.35:648][ 81]LogModuleManager: Shutting down and abandoning module CustomMeshComponent (366)
[2018.10.23-21.03.35:648][ 81]LogModuleManager: Shutting down and abandoning module CableComponent (364)
[2018.10.23-21.03.35:648][ 81]LogModuleManager: Shutting down and abandoning module AudioCapture (362)
[2018.10.23-21.03.35:648][ 81]LogModuleManager: Shutting down and abandoning module ArchVisCharacter (360)
[2018.10.23-21.03.35:648][ 81]LogModuleManager: Shutting down and abandoning module AndroidPermission (358)
[2018.10.23-21.03.35:648][ 81]LogModuleManager: Shutting down and abandoning module NUTUnrealEngine4 (354)
[2018.10.23-21.03.35:648][ 81]LogModuleManager: Shutting down and abandoning module NetcodeUnitTest (352)
[2018.10.23-21.03.35:648][ 81]LogModuleManager: Shutting down and abandoning module MediaCompositingEditor (350)
[2018.10.23-21.03.35:648][ 81]LogModuleManager: Shutting down and abandoning module MediaCompositing (348)
[2018.10.23-21.03.35:648][ 81]LogModuleManager: Shutting down and abandoning module LinearTimecode (346)
[2018.10.23-21.03.35:648][ 81]LogModuleManager: Shutting down and abandoning module ImgMedia (344)
[2018.10.23-21.03.35:651][ 81]LogModuleManager: Shutting down and abandoning module HTML5Networking (342)
[2018.10.23-21.03.35:651][ 81]LogModuleManager: Shutting down and abandoning module AlembicImporter (340)
[2018.10.23-21.03.35:651][ 81]LogModuleManager: Shutting down and abandoning module AlembicLibrary (339)
[2018.10.23-21.03.35:651][ 81]LogModuleManager: Shutting down and abandoning module GeometryCache (338)
[2018.10.23-21.03.35:651][ 81]LogModuleManager: Shutting down and abandoning module GeometryCacheEd (337)
[2018.10.23-21.03.35:651][ 81]LogModuleManager: Shutting down and abandoning module DatasmithContent (332)
[2018.10.23-21.03.35:651][ 81]LogModuleManager: Shutting down and abandoning module SpeedTreeImporter (330)
[2018.10.23-21.03.35:651][ 81]LogModuleManager: Shutting down and abandoning module PluginBrowser (328)
[2018.10.23-21.03.35:651][ 81]LogModuleManager: Shutting down and abandoning module MobileLauncherProfileWizard (326)
[2018.10.23-21.03.35:651][ 81]LogModuleManager: Shutting down and abandoning module CryptoKeysOpenSSL (324)
[2018.10.23-21.03.35:651][ 81]LogModuleManager: Shutting down and abandoning module CryptoKeys (322)
[2018.10.23-21.03.35:651][ 81]LogModuleManager: Shutting down and abandoning module VisualStudioSourceCodeAccess (320)
[2018.10.23-21.03.35:651][ 81]LogModuleManager: Shutting down and abandoning module VisualStudioCodeSourceCodeAccess (318)
[2018.10.23-21.03.35:651][ 81]LogModuleManager: Shutting down and abandoning module UObjectPlugin (316)
[2018.10.23-21.03.35:651][ 81]LogModuleManager: Shutting down and abandoning module SubversionSourceControl (314)
[2018.10.23-21.03.35:651][ 81]LogModuleManager: Shutting down and abandoning module PerforceSourceControl (312)
[2018.10.23-21.03.35:651][ 81]LogModuleManager: Shutting down and abandoning module GitSourceControl (310)
[2018.10.23-21.03.35:651][ 81]LogModuleManager: Shutting down and abandoning module SourceControl (309)
[2018.10.23-21.03.35:651][ 81]LogModuleManager: Shutting down and abandoning module CLionSourceCodeAccess (306)
[2018.10.23-21.03.35:651][ 81]LogModuleManager: Shutting down and abandoning module LightPropagationVolumeEditor (304)
[2018.10.23-21.03.35:651][ 81]LogModuleManager: Shutting down and abandoning module PaperTiledImporter (302)
[2018.10.23-21.03.35:651][ 81]LogModuleManager: Shutting down and abandoning module PaperSpriteSheetImporter (300)
[2018.10.23-21.03.35:651][ 81]LogModuleManager: Shutting down and abandoning module Paper2DEditor (298)
[2018.10.23-21.03.35:651][ 81]LogModuleManager: Shutting down and abandoning module MeshPaint (297)
[2018.10.23-21.03.35:651][ 81]LogModuleManager: Shutting down and abandoning module RuntimePhysXCooking (292)
[2018.10.23-21.03.35:651][ 81]LogModuleManager: Shutting down and abandoning module PhysXVehiclesEditor (290)
[2018.10.23-21.03.35:651][ 81]LogModuleManager: Shutting down and abandoning module PhysXVehicles (288)
[2018.10.23-21.03.35:653][ 81]LogModuleManager: Shutting down and abandoning module OculusEditor (286)
[2018.10.23-21.03.35:653][ 81]LogModuleManager: Shutting down and abandoning module LocationServicesBPLibrary (284)
[2018.10.23-21.03.35:653][ 81]LogModuleManager: Shutting down and abandoning module ImmediatePhysicsEditor (282)
[2018.10.23-21.03.35:653][ 81]LogModuleManager: Shutting down and abandoning module ImmediatePhysics (280)
[2018.10.23-21.03.35:653][ 81]LogModuleManager: Shutting down and abandoning module ApexDestructionEditor (278)
[2018.10.23-21.03.35:653][ 81]LogModuleManager: Shutting down and abandoning module ApexDestruction (276)
[2018.10.23-21.03.35:653][ 81]LogModuleManager: Shutting down and abandoning module ActorSequence (274)
[2018.10.23-21.03.35:653][ 81]LogModuleManager: Shutting down and abandoning module UdpMessaging (272)
[2018.10.23-21.03.35:753][ 81]LogModuleManager: Shutting down and abandoning module TcpMessaging (270)
[2018.10.23-21.03.36:001][ 81]LogModuleManager: Shutting down and abandoning module GameplayTagsEditor (268)
[2018.10.23-21.03.36:001][ 81]LogModuleManager: Shutting down and abandoning module FacialAnimationEditor (266)
[2018.10.23-21.03.36:001][ 81]LogModuleManager: Shutting down and abandoning module FacialAnimation (264)
[2018.10.23-21.03.36:001][ 81]LogModuleManager: Shutting down and abandoning module DataValidation (262)
[2018.10.23-21.03.36:001][ 81]LogModuleManager: Shutting down and abandoning module AssetManagerEditor (260)
[2018.10.23-21.03.36:001][ 81]LogModuleManager: Shutting down and abandoning module LevelEditor (259)
[2018.10.23-21.03.36:002][ 81]LogModuleManager: Shutting down and abandoning module PixelInspectorModule (258)
[2018.10.23-21.03.36:002][ 81]LogModuleManager: Shutting down and abandoning module CommonMenuExtensions (256)
[2018.10.23-21.03.36:002][ 81]LogModuleManager: Shutting down and abandoning module MainFrame (254)
[2018.10.23-21.03.36:002][ 81]LogModuleManager: Shutting down and abandoning module HotReload (253)
[2018.10.23-21.03.36:002][ 81]LogDirectoryWatcher: A directory notification for 'D:/Users/michael.xu7480/Documents/MiniProduction2-ALBERT/DD_YY_MM/Binaries/Win64' was aborted.
[2018.10.23-21.03.36:003][ 81]LogModuleManager: Shutting down and abandoning module ContentBrowser (249)
[2018.10.23-21.03.36:003][ 81]LogModuleManager: Shutting down and abandoning module TreeMap (247)
[2018.10.23-21.03.36:003][ 81]LogModuleManager: Shutting down and abandoning module LightPropagationVolumeRuntime (244)
[2018.10.23-21.03.36:003][ 81]LogModuleManager: Shutting down and abandoning module LiveLinkEditor (242)
[2018.10.23-21.03.36:003][ 81]LogModuleManager: Shutting down and abandoning module LiveLink (240)
[2018.10.23-21.03.36:779][ 81]LogModuleManager: Shutting down and abandoning module Paper2D (238)
[2018.10.23-21.03.36:779][ 81]LogModuleManager: Shutting down and abandoning module WindowsMoviePlayer (236)
[2018.10.23-21.03.36:779][ 81]LogModuleManager: Shutting down and abandoning module WmfMedia (234)
[2018.10.23-21.03.36:780][ 81]LogModuleManager: Shutting down and abandoning module Media (233)
[2018.10.23-21.03.36:786][ 81]LogModuleManager: Shutting down and abandoning module PacketHandler (230)
[2018.10.23-21.03.36:786][ 81]LogModuleManager: Shutting down and abandoning module ClothingSystemEditor (228)
[2018.10.23-21.03.36:786][ 81]LogModuleManager: Shutting down and abandoning module ClothingSystemRuntime (226)
[2018.10.23-21.03.36:786][ 81]LogModuleManager: Shutting down and abandoning module MediaAssets (224)
[2018.10.23-21.03.36:786][ 81]LogModuleManager: Shutting down and abandoning module Overlay (222)
[2018.10.23-21.03.36:786][ 81]LogModuleManager: Shutting down and abandoning module OverlayEditor (221)
[2018.10.23-21.03.36:786][ 81]LogModuleManager: Shutting down and abandoning module VREditor (218)
[2018.10.23-21.03.36:786][ 81]LogModuleManager: Shutting down and abandoning module StringTableEditor (216)
[2018.10.23-21.03.36:786][ 81]LogModuleManager: Shutting down and abandoning module GameplayTasksEditor (214)
[2018.10.23-21.03.36:786][ 81]LogModuleManager: Shutting down and abandoning module BehaviorTreeEditor (212)
[2018.10.23-21.03.36:786][ 81]LogModuleManager: Shutting down and abandoning module FunctionalTesting (210)
[2018.10.23-21.03.36:786][ 81]LogModuleManager: Shutting down and abandoning module CollisionAnalyzer (208)
[2018.10.23-21.03.36:786][ 81]LogModuleManager: Shutting down and abandoning module WorkspaceMenuStructure (207)
[2018.10.23-21.03.36:786][ 81]LogModuleManager: Shutting down and abandoning module UMG (204)
[2018.10.23-21.03.36:786][ 81]LogModuleManager: Shutting down and abandoning module UMGEditor (203)
[2018.10.23-21.03.36:786][ 81]LogModuleManager: Shutting down and abandoning module Sequencer (202)
[2018.10.23-21.03.36:786][ 81]LogModuleManager: Shutting down and abandoning module MessageLog (199)
[2018.10.23-21.03.36:786][ 81]LogModuleManager: Shutting down and abandoning module SlateReflector (194)
[2018.10.23-21.03.36:787][ 81]LogModuleManager: Shutting down and abandoning module Slate (192)
[2018.10.23-21.03.36:787][ 81]LogModuleManager: Shutting down and abandoning module EditorStyle (190)
[2018.10.23-21.03.36:788][ 81]LogModuleManager: Shutting down and abandoning module MRMesh (188)
[2018.10.23-21.03.36:788][ 81]LogModuleManager: Shutting down and abandoning module SourceCodeAccess (186)
[2018.10.23-21.03.36:788][ 81]LogModuleManager: Shutting down and abandoning module HeadMountedDisplay (184)
[2018.10.23-21.03.36:788][ 81]LogModuleManager: Shutting down and abandoning module XAudio2 (182)
[2018.10.23-21.03.36:788][ 81]LogModuleManager: Shutting down and abandoning module Networking (180)
[2018.10.23-21.03.36:788][ 81]LogModuleManager: Shutting down and abandoning module Core (178)
[2018.10.23-21.03.36:788][ 81]LogModuleManager: Shutting down and abandoning module LevelSequence (176)
[2018.10.23-21.03.36:788][ 81]LogModuleManager: Shutting down and abandoning module KismetCompiler (174)
[2018.10.23-21.03.36:788][ 81]LogModuleManager: Shutting down and abandoning module MeshUtilities (172)
[2018.10.23-21.03.36:788][ 81]LogModuleManager: Shutting down and abandoning module MeshMergeUtilities (171)
[2018.10.23-21.03.36:788][ 81]LogModuleManager: Shutting down and abandoning module MeshReductionInterface (170)
[2018.10.23-21.03.36:788][ 81]LogModuleManager: Shutting down and abandoning module SimplygonSwarm (169)
[2018.10.23-21.03.36:788][ 81]LogModuleManager: Shutting down and abandoning module SimplygonMeshReduction (167)
[2018.10.23-21.03.36:788][ 81]LogModuleManager: Shutting down and abandoning module QuadricMeshReduction (165)
[2018.10.23-21.03.36:788][ 81]LogModuleManager: Shutting down and abandoning module MaterialBaking (161)
[2018.10.23-21.03.36:788][ 81]LogModuleManager: Shutting down and abandoning module DirectoryWatcher (157)
[2018.10.23-21.03.36:788][ 81]LogModuleManager: Shutting down and abandoning module DerivedDataCache (154)
[2018.10.23-21.03.36:802][ 81]LogDerivedDataCache: Shutdown
[2018.10.23-21.03.36:802][ 81]LogModuleManager: Shutting down and abandoning module XGEController (152)
[2018.10.23-21.03.36:802][ 81]LogXGEController: Cleaning working directory: D:/Users/michael.xu7480/AppData/Local/Temp/UnrealXGEWorkingDir/
[2018.10.23-21.03.36:802][ 81]LogModuleManager: Shutting down and abandoning module TargetPlatform (150)
[2018.10.23-21.03.36:802][ 81]LogModuleManager: Shutting down and abandoning module VulkanShaderFormat (149)
[2018.10.23-21.03.36:802][ 81]LogModuleManager: Shutting down and abandoning module ShaderFormatVectorVM (147)
[2018.10.23-21.03.36:802][ 81]LogModuleManager: Shutting down and abandoning module ShaderFormatOpenGL (145)
[2018.10.23-21.03.36:803][ 81]LogModuleManager: Shutting down and abandoning module ShaderFormatD3D (143)
[2018.10.23-21.03.36:803][ 81]LogModuleManager: Shutting down and abandoning module MetalShaderFormat (141)
[2018.10.23-21.03.36:803][ 81]LogModuleManager: Shutting down and abandoning module TextureFormatUncompressed (139)
[2018.10.23-21.03.36:803][ 81]LogModuleManager: Shutting down and abandoning module TextureFormatPVR (137)
[2018.10.23-21.03.36:803][ 81]LogModuleManager: Shutting down and abandoning module TextureFormatDXT (135)
[2018.10.23-21.03.36:803][ 81]LogModuleManager: Shutting down and abandoning module TextureFormatIntelISPCTexComp (133)
[2018.10.23-21.03.36:803][ 81]LogModuleManager: Shutting down and abandoning module TextureFormatASTC (131)
[2018.10.23-21.03.36:803][ 81]LogModuleManager: Shutting down and abandoning module ImageWrapper (130)
[2018.10.23-21.03.36:803][ 81]LogModuleManager: Shutting down and abandoning module TextureFormatAndroid (127)
[2018.10.23-21.03.36:803][ 81]LogModuleManager: Shutting down and abandoning module AudioFormatOpus (125)
[2018.10.23-21.03.36:803][ 81]LogModuleManager: Shutting down and abandoning module AudioFormatOgg (123)
[2018.10.23-21.03.36:803][ 81]LogModuleManager: Shutting down and abandoning module AudioFormatADPCM (121)
[2018.10.23-21.03.36:803][ 81]LogModuleManager: Shutting down and abandoning module LinuxTargetPlatform (119)
[2018.10.23-21.03.36:803][ 81]LogModuleManager: Shutting down and abandoning module LinuxServerTargetPlatform (117)
[2018.10.23-21.03.36:803][ 81]LogModuleManager: Shutting down and abandoning module LinuxNoEditorTargetPlatform (115)
[2018.10.23-21.03.36:803][ 81]LogModuleManager: Shutting down and abandoning module LinuxClientTargetPlatform (113)
[2018.10.23-21.03.36:803][ 81]LogModuleManager: Shutting down and abandoning module TVOSTargetPlatform (111)
[2018.10.23-21.03.36:803][ 81]LogModuleManager: Shutting down and abandoning module Messaging (109)
[2018.10.23-21.03.36:803][ 81]LogModuleManager: Shutting down and abandoning module IOSTargetPlatform (107)
[2018.10.23-21.03.36:803][ 81]LogModuleManager: Shutting down and abandoning module HTML5TargetPlatform (105)
[2018.10.23-21.03.36:803][ 81]LogModuleManager: Shutting down and abandoning module AndroidTargetPlatform (103)
[2018.10.23-21.03.36:803][ 81]LogModuleManager: Shutting down and abandoning module Android_PVRTCTargetPlatform (101)
[2018.10.23-21.03.36:803][ 81]LogModuleManager: Shutting down and abandoning module Android_MultiTargetPlatform (99)
[2018.10.23-21.03.36:803][ 81]LogModuleManager: Shutting down and abandoning module Android_ETC2TargetPlatform (97)
[2018.10.23-21.03.36:803][ 81]LogModuleManager: Shutting down and abandoning module Android_ETC1TargetPlatform (95)
[2018.10.23-21.03.36:803][ 81]LogModuleManager: Shutting down and abandoning module Android_ETC1aTargetPlatform (93)
[2018.10.23-21.03.36:803][ 81]LogModuleManager: Shutting down and abandoning module Android_DXTTargetPlatform (91)
[2018.10.23-21.03.36:803][ 81]LogModuleManager: Shutting down and abandoning module Android_ATCTargetPlatform (89)
[2018.10.23-21.03.36:803][ 81]LogModuleManager: Shutting down and abandoning module Android_ASTCTargetPlatform (87)
[2018.10.23-21.03.36:803][ 81]LogModuleManager: Shutting down and abandoning module WindowsTargetPlatform (85)
[2018.10.23-21.03.36:803][ 81]LogModuleManager: Shutting down and abandoning module WindowsServerTargetPlatform (83)
[2018.10.23-21.03.36:803][ 81]LogModuleManager: Shutting down and abandoning module WindowsNoEditorTargetPlatform (81)
[2018.10.23-21.03.36:803][ 81]LogModuleManager: Shutting down and abandoning module WindowsClientTargetPlatform (79)
[2018.10.23-21.03.36:803][ 81]LogModuleManager: Shutting down and abandoning module MacTargetPlatform (77)
[2018.10.23-21.03.36:803][ 81]LogModuleManager: Shutting down and abandoning module MacServerTargetPlatform (75)
[2018.10.23-21.03.36:803][ 81]LogModuleManager: Shutting down and abandoning module MacNoEditorTargetPlatform (73)
[2018.10.23-21.03.36:803][ 81]LogModuleManager: Shutting down and abandoning module MacClientTargetPlatform (71)
[2018.10.23-21.03.36:803][ 81]LogModuleManager: Shutting down and abandoning module AllDesktopTargetPlatform (69)
[2018.10.23-21.03.36:803][ 81]LogModuleManager: Shutting down and abandoning module InputCore (66)
[2018.10.23-21.03.36:803][ 81]LogModuleManager: Shutting down and abandoning module Settings (64)
[2018.10.23-21.03.36:803][ 81]LogModuleManager: Shutting down and abandoning module PhysXCooking (62)
[2018.10.23-21.03.36:803][ 81]LogModuleManager: Shutting down and abandoning module SteamVR (60)
[2018.10.23-21.03.36:803][ 81]LogModuleManager: Shutting down and abandoning module OculusHMD (58)
[2018.10.23-21.03.36:803][ 81]LogModuleManager: Shutting down and abandoning module ExampleDeviceProfileSelector (56)
[2018.10.23-21.03.36:803][ 81]LogModuleManager: Shutting down and abandoning module AppleARKit (54)
[2018.10.23-21.03.36:803][ 81]LogModuleManager: Shutting down and abandoning module AugmentedReality (51)
[2018.10.23-21.03.36:803][ 81]LogModuleManager: Shutting down and abandoning module OnlineBlueprintSupport (48)
[2018.10.23-21.03.36:803][ 81]LogModuleManager: Shutting down and abandoning module OnlineSubsystem (44)
[2018.10.23-21.03.36:803][ 81]LogModuleManager: Shutting down and abandoning module XMPP (43)
[2018.10.23-21.03.36:803][ 81]LogModuleManager: Shutting down and abandoning module HTTP (41)
[2018.10.23-21.03.36:803][ 81]LogHttp: Display: Http module shutting down, but needs to wait on 1 outstanding Http requests:
[2018.10.23-21.03.36:803][ 81]LogHttp: Display: 	verb=[POST] url=[https://datarouter.ol.epicgames.com/datarouter/api/v1/public/data?SessionID=%7BBF5297F6-49C6-ECCB-C953-008003B6BDAC%7D&AppID=UEEditor.Rocket.Release&AppVersion=4.19.2-4033788%2B%2B%2BUE4%2BRelease-4.19&UserID=6bffa7f8469fcbeae47f268c09d0468d%7C8325df73030940d7aa6f74b22f434f64%7C040e9868-a108-44d4-8653-131effa621ca&AppEnvironment=datacollector-binary&UploadType=eteventstream] status=Processing
[2018.10.23-21.03.36:827][ 81]LogModuleManager: Shutting down and abandoning module SSL (40)
[2018.10.23-21.03.36:828][ 81]LogModuleManager: Shutting down and abandoning module AnimationModifiers (36)
[2018.10.23-21.03.36:828][ 81]LogModuleManager: Shutting down and abandoning module PropertyEditor (35)
[2018.10.23-21.03.36:828][ 81]LogModuleManager: Shutting down and abandoning module AudioEditor (32)
[2018.10.23-21.03.36:828][ 81]LogModuleManager: Shutting down and abandoning module TextureCompressor (30)
[2018.10.23-21.03.36:828][ 81]LogModuleManager: Shutting down and abandoning module ShaderCore (28)
[2018.10.23-21.03.36:828][ 81]LogModuleManager: Shutting down and abandoning module Landscape (26)
[2018.10.23-21.03.36:828][ 81]LogModuleManager: Shutting down and abandoning module SlateRHIRenderer (24)
[2018.10.23-21.03.36:828][ 81]LogModuleManager: Shutting down and abandoning module OpenGLDrv (22)
[2018.10.23-21.03.36:828][ 81]LogModuleManager: Shutting down and abandoning module D3D11RHI (20)
[2018.10.23-21.03.36:828][ 81]LogModuleManager: Shutting down and abandoning module AnimGraphRuntime (18)
[2018.10.23-21.03.36:829][ 81]LogModuleManager: Shutting down and abandoning module Renderer (16)
[2018.10.23-21.03.36:829][ 81]LogModuleManager: Shutting down and abandoning module Engine (14)
[2018.10.23-21.03.36:829][ 81]LogModuleManager: Shutting down and abandoning module CoreUObject (12)
[2018.10.23-21.03.36:829][ 81]LogModuleManager: Shutting down and abandoning module NetworkFile (10)
[2018.10.23-21.03.36:829][ 81]LogModuleManager: Shutting down and abandoning module CookedIterativeFile (8)
[2018.10.23-21.03.36:829][ 81]LogModuleManager: Shutting down and abandoning module StreamingFile (6)
[2018.10.23-21.03.36:829][ 81]LogModuleManager: Shutting down and abandoning module SandboxFile (4)
[2018.10.23-21.03.36:829][ 81]LogModuleManager: Shutting down and abandoning module PakFile (2)
[2018.10.23-21.03.36:834][ 81]LogExit: Exiting.
[2018.10.23-21.03.36:839][ 81]Log file closed, 10/24/18 10:03:36
